{"/home/travis/build/npmtest/node-npmtest-svg2ttf/test.js":{"path":"/home/travis/build/npmtest/node-npmtest-svg2ttf/test.js","s":{"1":2,"2":2,"3":2,"4":2,"5":2,"6":2,"7":2,"8":1,"9":2,"10":2,"11":1,"12":1,"13":1,"14":1,"15":2,"16":2,"17":2,"18":2,"19":1,"20":1,"21":2,"22":2,"23":2,"24":1,"25":1,"26":1,"27":1,"28":1,"29":1,"30":1,"31":1,"32":1,"33":1,"34":1,"35":1,"36":1,"37":1,"38":1,"39":2,"40":2,"41":1,"42":2,"43":2,"44":1,"45":2,"46":2,"47":1,"48":2,"49":2,"50":1,"51":1,"52":1,"53":1,"54":1},"b":{"1":[2,1,1,1],"2":[1,1,1,1],"3":[1,1],"4":[1,1],"5":[1,1],"6":[1,1],"7":[1,1],"8":[1,1],"9":[1,1],"10":[1,1,1],"11":[1,1],"12":[1,1],"13":[1,1],"14":[1,1],"15":[1,1],"16":[1,1],"17":[1,1]},"f":{"1":2,"2":2,"3":2,"4":2,"5":2,"6":1,"7":1,"8":1,"9":2,"10":2,"11":2,"12":2,"13":1},"fnMap":{"1":{"name":"(anonymous_1)","line":12,"loc":{"start":{"line":12,"column":1},"end":{"line":12,"column":13}}},"2":{"name":"(anonymous_2)","line":19,"loc":{"start":{"line":19,"column":5},"end":{"line":19,"column":17}}},"3":{"name":"(anonymous_3)","line":23,"loc":{"start":{"line":23,"column":24},"end":{"line":23,"column":36}}},"4":{"name":"(anonymous_4)","line":61,"loc":{"start":{"line":61,"column":5},"end":{"line":61,"column":17}}},"5":{"name":"(anonymous_5)","line":82,"loc":{"start":{"line":82,"column":5},"end":{"line":82,"column":17}}},"6":{"name":"(anonymous_6)","line":91,"loc":{"start":{"line":91,"column":77},"end":{"line":94,"column":10}}},"7":{"name":"(anonymous_7)","line":112,"loc":{"start":{"line":112,"column":83},"end":{"line":115,"column":10}},"skip":true},"8":{"name":"(anonymous_8)","line":123,"loc":{"start":{"line":123,"column":77},"end":{"line":126,"column":10}},"skip":true},"9":{"name":"(anonymous_9)","line":139,"loc":{"start":{"line":139,"column":12},"end":{"line":139,"column":40}},"skip":true},"10":{"name":"(anonymous_10)","line":147,"loc":{"start":{"line":147,"column":77},"end":{"line":150,"column":10}},"skip":true},"11":{"name":"(anonymous_11)","line":158,"loc":{"start":{"line":158,"column":83},"end":{"line":161,"column":10}},"skip":true},"12":{"name":"(anonymous_12)","line":169,"loc":{"start":{"line":169,"column":79},"end":{"line":172,"column":10}},"skip":true},"13":{"name":"(anonymous_13)","line":180,"loc":{"start":{"line":180,"column":75},"end":{"line":183,"column":10}},"skip":true}},"statementMap":{"1":{"start":{"line":12,"column":0},"end":{"line":195,"column":5}},"2":{"start":{"line":14,"column":4},"end":{"line":14,"column":14}},"3":{"start":{"line":19,"column":4},"end":{"line":56,"column":9}},"4":{"start":{"line":21,"column":8},"end":{"line":21,"column":19}},"5":{"start":{"line":23,"column":8},"end":{"line":35,"column":13}},"6":{"start":{"line":24,"column":12},"end":{"line":34,"column":13}},"7":{"start":{"line":25,"column":16},"end":{"line":28,"column":30}},"8":{"start":{"line":30,"column":16},"end":{"line":33,"column":27}},"9":{"start":{"line":37,"column":8},"end":{"line":39,"column":21}},"10":{"start":{"line":40,"column":8},"end":{"line":53,"column":9}},"11":{"start":{"line":43,"column":12},"end":{"line":46,"column":14}},"12":{"start":{"line":47,"column":12},"end":{"line":47,"column":18}},"13":{"start":{"line":50,"column":12},"end":{"line":51,"column":46}},"14":{"start":{"line":52,"column":12},"end":{"line":52,"column":18}},"15":{"start":{"line":55,"column":8},"end":{"line":55,"column":35}},"16":{"start":{"line":61,"column":4},"end":{"line":63,"column":9}},"17":{"start":{"line":62,"column":8},"end":{"line":62,"column":15}},"18":{"start":{"line":64,"column":4},"end":{"line":77,"column":5}},"19":{"start":{"line":70,"column":8},"end":{"line":70,"column":14}},"20":{"start":{"line":76,"column":8},"end":{"line":76,"column":14}},"21":{"start":{"line":82,"column":4},"end":{"line":84,"column":9}},"22":{"start":{"line":83,"column":8},"end":{"line":83,"column":15}},"23":{"start":{"line":85,"column":4},"end":{"line":194,"column":5}},"24":{"start":{"line":91,"column":8},"end":{"line":99,"column":10}},"25":{"start":{"line":98,"column":12},"end":{"line":98,"column":35}},"26":{"start":{"line":102,"column":8},"end":{"line":104,"column":63}},"27":{"start":{"line":105,"column":8},"end":{"line":105,"column":14}},"28":{"start":{"line":112,"column":8},"end":{"line":121,"column":10},"skip":true},"29":{"start":{"line":119,"column":12},"end":{"line":119,"column":55},"skip":true},"30":{"start":{"line":120,"column":12},"end":{"line":120,"column":48},"skip":true},"31":{"start":{"line":123,"column":8},"end":{"line":136,"column":10},"skip":true},"32":{"start":{"line":130,"column":12},"end":{"line":130,"column":76},"skip":true},"33":{"start":{"line":131,"column":12},"end":{"line":131,"column":73},"skip":true},"34":{"start":{"line":132,"column":12},"end":{"line":132,"column":74},"skip":true},"35":{"start":{"line":133,"column":12},"end":{"line":133,"column":79},"skip":true},"36":{"start":{"line":134,"column":12},"end":{"line":134,"column":25},"skip":true},"37":{"start":{"line":135,"column":12},"end":{"line":135,"column":45},"skip":true},"38":{"start":{"line":138,"column":8},"end":{"line":145,"column":14},"skip":true},"39":{"start":{"line":143,"column":16},"end":{"line":143,"column":29},"skip":true},"40":{"start":{"line":144,"column":16},"end":{"line":144,"column":55},"skip":true},"41":{"start":{"line":147,"column":8},"end":{"line":156,"column":10},"skip":true},"42":{"start":{"line":154,"column":12},"end":{"line":154,"column":25},"skip":true},"43":{"start":{"line":155,"column":12},"end":{"line":155,"column":45},"skip":true},"44":{"start":{"line":158,"column":8},"end":{"line":167,"column":10},"skip":true},"45":{"start":{"line":165,"column":12},"end":{"line":165,"column":25},"skip":true},"46":{"start":{"line":166,"column":12},"end":{"line":166,"column":48},"skip":true},"47":{"start":{"line":169,"column":8},"end":{"line":178,"column":10},"skip":true},"48":{"start":{"line":176,"column":12},"end":{"line":176,"column":25},"skip":true},"49":{"start":{"line":177,"column":12},"end":{"line":177,"column":46},"skip":true},"50":{"start":{"line":180,"column":8},"end":{"line":189,"column":10},"skip":true},"51":{"start":{"line":187,"column":12},"end":{"line":187,"column":94},"skip":true},"52":{"start":{"line":188,"column":12},"end":{"line":188,"column":48},"skip":true},"53":{"start":{"line":192,"column":8},"end":{"line":192,"column":35},"skip":true},"54":{"start":{"line":193,"column":8},"end":{"line":193,"column":14},"skip":true}},"branchMap":{"1":{"line":25,"type":"binary-expr","locations":[{"start":{"line":25,"column":23},"end":{"line":25,"column":62}},{"start":{"line":26,"column":20},"end":{"line":26,"column":70}},{"start":{"line":27,"column":20},"end":{"line":27,"column":71}},{"start":{"line":28,"column":20},"end":{"line":28,"column":29}}]},"2":{"line":30,"type":"binary-expr","locations":[{"start":{"line":30,"column":23},"end":{"line":30,"column":37}},{"start":{"line":31,"column":20},"end":{"line":31,"column":61}},{"start":{"line":32,"column":20},"end":{"line":32,"column":70}},{"start":{"line":33,"column":20},"end":{"line":33,"column":26}}]},"3":{"line":37,"type":"cond-expr","locations":[{"start":{"line":38,"column":14},"end":{"line":38,"column":20}},{"start":{"line":39,"column":14},"end":{"line":39,"column":20}}]},"4":{"line":40,"type":"switch","locations":[{"start":{"line":42,"column":8},"end":{"line":47,"column":18}},{"start":{"line":49,"column":8},"end":{"line":52,"column":18}}]},"5":{"line":44,"type":"binary-expr","locations":[{"start":{"line":44,"column":16},"end":{"line":44,"column":44}},{"start":{"line":44,"column":48},"end":{"line":44,"column":66}}]},"6":{"line":50,"type":"binary-expr","locations":[{"start":{"line":50,"column":21},"end":{"line":50,"column":49}},{"start":{"line":50,"column":53},"end":{"line":50,"column":72}}]},"7":{"line":64,"type":"switch","locations":[{"start":{"line":69,"column":4},"end":{"line":70,"column":14}},{"start":{"line":75,"column":4},"end":{"line":76,"column":14}}]},"8":{"line":85,"type":"switch","locations":[{"start":{"line":90,"column":4},"end":{"line":105,"column":14}},{"start":{"line":111,"column":4},"end":{"line":193,"column":14},"skip":true}]},"9":{"line":91,"type":"binary-expr","locations":[{"start":{"line":91,"column":42},"end":{"line":91,"column":73}},{"start":{"line":91,"column":77},"end":{"line":99,"column":9}}]},"10":{"line":102,"type":"binary-expr","locations":[{"start":{"line":102,"column":18},"end":{"line":102,"column":32}},{"start":{"line":103,"column":12},"end":{"line":103,"column":53}},{"start":{"line":104,"column":12},"end":{"line":104,"column":61}}]},"11":{"line":112,"type":"binary-expr","locations":[{"start":{"line":112,"column":45},"end":{"line":112,"column":79},"skip":true},{"start":{"line":112,"column":83},"end":{"line":121,"column":9},"skip":true}]},"12":{"line":123,"type":"binary-expr","locations":[{"start":{"line":123,"column":42},"end":{"line":123,"column":73},"skip":true},{"start":{"line":123,"column":77},"end":{"line":136,"column":9},"skip":true}]},"13":{"line":138,"type":"binary-expr","locations":[{"start":{"line":138,"column":48},"end":{"line":138,"column":85},"skip":true},{"start":{"line":139,"column":12},"end":{"line":145,"column":13},"skip":true}]},"14":{"line":147,"type":"binary-expr","locations":[{"start":{"line":147,"column":42},"end":{"line":147,"column":73},"skip":true},{"start":{"line":147,"column":77},"end":{"line":156,"column":9},"skip":true}]},"15":{"line":158,"type":"binary-expr","locations":[{"start":{"line":158,"column":45},"end":{"line":158,"column":79},"skip":true},{"start":{"line":158,"column":83},"end":{"line":167,"column":9},"skip":true}]},"16":{"line":169,"type":"binary-expr","locations":[{"start":{"line":169,"column":43},"end":{"line":169,"column":75},"skip":true},{"start":{"line":169,"column":79},"end":{"line":178,"column":9},"skip":true}]},"17":{"line":180,"type":"binary-expr","locations":[{"start":{"line":180,"column":41},"end":{"line":180,"column":71},"skip":true},{"start":{"line":180,"column":75},"end":{"line":189,"column":9},"skip":true}]}},"code":["/* istanbul instrument in package npmtest_svg2ttf */","/*jslint","    bitwise: true,","    browser: true,","    maxerr: 8,","    maxlen: 96,","    node: true,","    nomen: true,","    regexp: true,","    stupid: true","*/","(function () {","    'use strict';","    var local;","","","","    // run shared js-env code - pre-init","    (function () {","        // init local","        local = {};","        // init modeJs","        local.modeJs = (function () {","            try {","                return typeof navigator.userAgent === 'string' &&","                    typeof document.querySelector('body') === 'object' &&","                    typeof XMLHttpRequest.prototype.open === 'function' &&","                    'browser';","            } catch (errorCaughtBrowser) {","                return module.exports &&","                    typeof process.versions.node === 'string' &&","                    typeof require('http').createServer === 'function' &&","                    'node';","            }","        }());","        // init global","        local.global = local.modeJs === 'browser'","            ? window","            : global;","        switch (local.modeJs) {","        // re-init local from window.local","        case 'browser':","            local = local.global.utility2.objectSetDefault(","                local.global.utility2_rollup || local.global.local,","                local.global.utility2","            );","            break;","        // re-init local from example.js","        case 'node':","            local = (local.global.utility2_rollup || require('utility2'))","                .requireExampleJsFromReadme();","            break;","        }","        // export local","        local.global.local = local;","    }());","","","","    // run shared js-env code - function","    (function () {","        return;","    }());","    switch (local.modeJs) {","","","","    // run browser js-env code - function","    case 'browser':","        break;","","","","    // run node js-env code - function","    case 'node':","        break;","    }","","","","    // run shared js-env code - post-init","    (function () {","        return;","    }());","    switch (local.modeJs) {","","","","    // run browser js-env code - post-init","    case 'browser':","        local.testCase_browser_nullCase = local.testCase_browser_nullCase || function (","            options,","            onError","        ) {","        /*","         * this function will test browsers's null-case handling-behavior-behavior","         */","            onError(null, options);","        };","","        // run tests","        local.nop(local.modeTest &&","            document.querySelector('#testRunButton1') &&","            document.querySelector('#testRunButton1').click());","        break;","","","","    // run node js-env code - post-init","    /* istanbul ignore next */","    case 'node':","        local.testCase_buildApidoc_default = local.testCase_buildApidoc_default || function (","            options,","            onError","        ) {","        /*","         * this function will test buildApidoc's default handling-behavior-behavior","         */","            options = { modulePathList: module.paths };","            local.buildApidoc(options, onError);","        };","","        local.testCase_buildApp_default = local.testCase_buildApp_default || function (","            options,","            onError","        ) {","        /*","         * this function will test buildApp's default handling-behavior-behavior","         */","            local.testCase_buildReadme_default(options, local.onErrorThrow);","            local.testCase_buildLib_default(options, local.onErrorThrow);","            local.testCase_buildTest_default(options, local.onErrorThrow);","            local.testCase_buildCustomOrg_default(options, local.onErrorThrow);","            options = [];","            local.buildApp(options, onError);","        };","","        local.testCase_buildCustomOrg_default = local.testCase_buildCustomOrg_default ||","            function (options, onError) {","            /*","             * this function will test buildCustomOrg's default handling-behavior","             */","                options = {};","                local.buildCustomOrg(options, onError);","            };","","        local.testCase_buildLib_default = local.testCase_buildLib_default || function (","            options,","            onError","        ) {","        /*","         * this function will test buildLib's default handling-behavior","         */","            options = {};","            local.buildLib(options, onError);","        };","","        local.testCase_buildReadme_default = local.testCase_buildReadme_default || function (","            options,","            onError","        ) {","        /*","         * this function will test buildReadme's default handling-behavior-behavior","         */","            options = {};","            local.buildReadme(options, onError);","        };","","        local.testCase_buildTest_default = local.testCase_buildTest_default || function (","            options,","            onError","        ) {","        /*","         * this function will test buildTest's default handling-behavior","         */","            options = {};","            local.buildTest(options, onError);","        };","","        local.testCase_webpage_default = local.testCase_webpage_default || function (","            options,","            onError","        ) {","        /*","         * this function will test webpage's default handling-behavior","         */","            options = { modeCoverageMerge: true, url: local.serverLocalHost + '?modeTest=1' };","            local.browserTest(options, onError);","        };","","        // run test-server","        local.testRunServer(local);","        break;","    }","}());",""],"l":{"12":2,"14":2,"19":2,"21":2,"23":2,"24":2,"25":2,"30":1,"37":2,"40":2,"43":1,"47":1,"50":1,"52":1,"55":2,"61":2,"62":2,"64":2,"70":1,"76":1,"82":2,"83":2,"85":2,"91":1,"98":1,"102":1,"105":1,"112":1,"119":1,"120":1,"123":1,"130":1,"131":1,"132":1,"133":1,"134":1,"135":1,"138":1,"143":2,"144":2,"147":1,"154":2,"155":2,"158":1,"165":2,"166":2,"169":1,"176":2,"177":2,"180":1,"187":1,"188":1,"192":1,"193":1}},"/home/travis/build/npmtest/node-npmtest-svg2ttf/lib.npmtest_svg2ttf.js":{"path":"/home/travis/build/npmtest/node-npmtest-svg2ttf/lib.npmtest_svg2ttf.js","s":{"1":2,"2":2,"3":2,"4":2,"5":2,"6":2,"7":2,"8":1,"9":2,"10":2,"11":2,"12":2,"13":1,"14":1,"15":1,"16":1},"b":{"1":[2,1,1,1],"2":[1,1,1,1],"3":[1,1],"4":[2,2],"5":[1,1]},"f":{"1":2,"2":2,"3":2},"fnMap":{"1":{"name":"(anonymous_1)","line":12,"loc":{"start":{"line":12,"column":1},"end":{"line":12,"column":13}}},"2":{"name":"(anonymous_2)","line":19,"loc":{"start":{"line":19,"column":5},"end":{"line":19,"column":17}}},"3":{"name":"(anonymous_3)","line":23,"loc":{"start":{"line":23,"column":24},"end":{"line":23,"column":36}}}},"statementMap":{"1":{"start":{"line":12,"column":0},"end":{"line":53,"column":5}},"2":{"start":{"line":14,"column":4},"end":{"line":14,"column":14}},"3":{"start":{"line":19,"column":4},"end":{"line":52,"column":9}},"4":{"start":{"line":21,"column":8},"end":{"line":21,"column":19}},"5":{"start":{"line":23,"column":8},"end":{"line":35,"column":13}},"6":{"start":{"line":24,"column":12},"end":{"line":34,"column":13}},"7":{"start":{"line":25,"column":16},"end":{"line":28,"column":30}},"8":{"start":{"line":30,"column":16},"end":{"line":33,"column":27}},"9":{"start":{"line":37,"column":8},"end":{"line":39,"column":21}},"10":{"start":{"line":41,"column":8},"end":{"line":41,"column":54}},"11":{"start":{"line":43,"column":8},"end":{"line":43,"column":52}},"12":{"start":{"line":45,"column":8},"end":{"line":51,"column":9}},"13":{"start":{"line":46,"column":12},"end":{"line":46,"column":58}},"14":{"start":{"line":48,"column":12},"end":{"line":48,"column":35}},"15":{"start":{"line":49,"column":12},"end":{"line":49,"column":49}},"16":{"start":{"line":50,"column":12},"end":{"line":50,"column":43}}},"branchMap":{"1":{"line":25,"type":"binary-expr","locations":[{"start":{"line":25,"column":23},"end":{"line":25,"column":62}},{"start":{"line":26,"column":20},"end":{"line":26,"column":70}},{"start":{"line":27,"column":20},"end":{"line":27,"column":71}},{"start":{"line":28,"column":20},"end":{"line":28,"column":29}}]},"2":{"line":30,"type":"binary-expr","locations":[{"start":{"line":30,"column":23},"end":{"line":30,"column":37}},{"start":{"line":31,"column":20},"end":{"line":31,"column":61}},{"start":{"line":32,"column":20},"end":{"line":32,"column":70}},{"start":{"line":33,"column":20},"end":{"line":33,"column":26}}]},"3":{"line":37,"type":"cond-expr","locations":[{"start":{"line":38,"column":14},"end":{"line":38,"column":20}},{"start":{"line":39,"column":14},"end":{"line":39,"column":20}}]},"4":{"line":41,"type":"binary-expr","locations":[{"start":{"line":41,"column":16},"end":{"line":41,"column":44}},{"start":{"line":41,"column":48},"end":{"line":41,"column":53}}]},"5":{"line":45,"type":"if","locations":[{"start":{"line":45,"column":8},"end":{"line":45,"column":8}},{"start":{"line":45,"column":8},"end":{"line":45,"column":8}}]}},"code":["/* istanbul instrument in package npmtest_svg2ttf */","/*jslint","    bitwise: true,","    browser: true,","    maxerr: 8,","    maxlen: 96,","    node: true,","    nomen: true,","    regexp: true,","    stupid: true","*/","(function () {","    'use strict';","    var local;","","","","    // run shared js-env code - pre-init","    (function () {","        // init local","        local = {};","        // init modeJs","        local.modeJs = (function () {","            try {","                return typeof navigator.userAgent === 'string' &&","                    typeof document.querySelector('body') === 'object' &&","                    typeof XMLHttpRequest.prototype.open === 'function' &&","                    'browser';","            } catch (errorCaughtBrowser) {","                return module.exports &&","                    typeof process.versions.node === 'string' &&","                    typeof require('http').createServer === 'function' &&","                    'node';","            }","        }());","        // init global","        local.global = local.modeJs === 'browser'","            ? window","            : global;","        // init utility2_rollup","        local = local.global.utility2_rollup || local;","        // init lib","        local.local = local.npmtest_svg2ttf = local;","        // init exports","        if (local.modeJs === 'browser') {","            local.global.utility2_npmtest_svg2ttf = local;","        } else {","            module.exports = local;","            module.exports.__dirname = __dirname;","            module.exports.module = module;","        }","    }());","}());",""],"l":{"12":2,"14":2,"19":2,"21":2,"23":2,"24":2,"25":2,"30":1,"37":2,"41":2,"43":2,"45":2,"46":1,"48":1,"49":1,"50":1}},"/home/travis/build/npmtest/node-npmtest-svg2ttf/example.js":{"path":"/home/travis/build/npmtest/node-npmtest-svg2ttf/example.js","s":{"1":2,"2":2,"3":2,"4":2,"5":2,"6":2,"7":2,"8":1,"9":2,"10":2,"11":2,"12":2,"13":1,"14":2,"15":2,"16":2,"17":2,"18":2,"19":0,"20":2,"21":1,"22":1,"23":1,"24":1,"25":1,"26":0,"27":0,"28":1,"29":1,"30":2,"31":0,"32":0,"33":0,"34":1,"35":2,"36":2,"37":3,"38":3,"39":3,"40":3,"41":0,"42":3,"43":3,"44":3,"45":1,"46":3,"47":1,"48":1,"49":1,"50":1,"51":1,"52":1,"53":1,"54":1,"55":1,"56":1,"57":0,"58":1,"59":6,"60":6,"61":1,"62":2,"63":0,"64":2,"65":1,"66":1,"67":0,"68":0,"69":0,"70":0,"71":0,"72":0,"73":0,"74":0,"75":0,"76":0,"77":0,"78":0,"79":0,"80":0,"81":0,"82":0,"83":0},"b":{"1":[2,1,1,1],"2":[1,1,1,1],"3":[1,1],"4":[2,2],"5":[1,1],"6":[1,1],"7":[2,0],"8":[2,1,1,1,1,1],"9":[0,2,0],"10":[1,1],"11":[2,1,1],"12":[1,0],"13":[0,2],"14":[2,0,0,0,0,0,0],"15":[0,3],"16":[3,0],"17":[1,1],"18":[0,1],"19":[1,2,0,2],"20":[1,0],"21":[1,1],"22":[0,0],"23":[0,0],"24":[0,0],"25":[0,0],"26":[0,0],"27":[0,0],"28":[0,0]},"f":{"1":2,"2":2,"3":2,"4":2,"5":2,"6":2,"7":3,"8":3,"9":3,"10":1,"11":6,"12":0},"fnMap":{"1":{"name":"(anonymous_1)","line":26,"loc":{"start":{"line":26,"column":1},"end":{"line":26,"column":13}}},"2":{"name":"(anonymous_2)","line":33,"loc":{"start":{"line":33,"column":5},"end":{"line":33,"column":17}}},"3":{"name":"(anonymous_3)","line":37,"loc":{"start":{"line":37,"column":24},"end":{"line":37,"column":36}}},"4":{"name":"(anonymous_4)","line":69,"loc":{"start":{"line":69,"column":31},"end":{"line":69,"column":48}},"skip":true},"5":{"name":"(anonymous_5)","line":78,"loc":{"start":{"line":78,"column":26},"end":{"line":78,"column":45}},"skip":true},"6":{"name":"(anonymous_6)","line":123,"loc":{"start":{"line":123,"column":33},"end":{"line":123,"column":48}},"skip":true},"7":{"name":"(anonymous_7)","line":125,"loc":{"start":{"line":125,"column":27},"end":{"line":125,"column":39}},"skip":true},"8":{"name":"(anonymous_8)","line":133,"loc":{"start":{"line":133,"column":59},"end":{"line":133,"column":74}},"skip":true},"9":{"name":"(anonymous_9)","line":143,"loc":{"start":{"line":143,"column":45},"end":{"line":143,"column":62}},"skip":true},"10":{"name":"(anonymous_10)","line":144,"loc":{"start":{"line":144,"column":73},"end":{"line":144,"column":92}},"skip":true},"11":{"name":"(anonymous_11)","line":272,"loc":{"start":{"line":272,"column":51},"end":{"line":272,"column":77}},"skip":true},"12":{"name":"(anonymous_12)","line":315,"loc":{"start":{"line":315,"column":32},"end":{"line":315,"column":61}},"skip":true}},"statementMap":{"1":{"start":{"line":26,"column":0},"end":{"line":326,"column":5}},"2":{"start":{"line":28,"column":4},"end":{"line":28,"column":14}},"3":{"start":{"line":33,"column":4},"end":{"line":60,"column":9}},"4":{"start":{"line":35,"column":8},"end":{"line":35,"column":19}},"5":{"start":{"line":37,"column":8},"end":{"line":49,"column":13}},"6":{"start":{"line":38,"column":12},"end":{"line":48,"column":13}},"7":{"start":{"line":39,"column":16},"end":{"line":42,"column":30}},"8":{"start":{"line":44,"column":16},"end":{"line":47,"column":27}},"9":{"start":{"line":51,"column":8},"end":{"line":53,"column":21}},"10":{"start":{"line":55,"column":8},"end":{"line":57,"column":45}},"11":{"start":{"line":59,"column":8},"end":{"line":59,"column":35}},"12":{"start":{"line":61,"column":4},"end":{"line":325,"column":5}},"13":{"start":{"line":69,"column":8},"end":{"line":121,"column":10},"skip":true},"14":{"start":{"line":70,"column":12},"end":{"line":88,"column":13},"skip":true},"15":{"start":{"line":76,"column":16},"end":{"line":87,"column":19},"skip":true},"16":{"start":{"line":79,"column":20},"end":{"line":86,"column":21},"skip":true},"17":{"start":{"line":82,"column":24},"end":{"line":82,"column":43},"skip":true},"18":{"start":{"line":83,"column":24},"end":{"line":83,"column":30},"skip":true},"19":{"start":{"line":85,"column":24},"end":{"line":85,"column":49},"skip":true},"20":{"start":{"line":89,"column":12},"end":{"line":107,"column":13},"skip":true},"21":{"start":{"line":92,"column":16},"end":{"line":102,"column":17},"skip":true},"22":{"start":{"line":93,"column":20},"end":{"line":93,"column":86},"skip":true},"23":{"start":{"line":94,"column":20},"end":{"line":95,"column":45},"skip":true},"24":{"start":{"line":96,"column":20},"end":{"line":96,"column":42},"skip":true},"25":{"start":{"line":97,"column":20},"end":{"line":97,"column":48},"skip":true},"26":{"start":{"line":100,"column":20},"end":{"line":100,"column":85},"skip":true},"27":{"start":{"line":101,"column":20},"end":{"line":101,"column":96},"skip":true},"28":{"start":{"line":103,"column":16},"end":{"line":103,"column":22},"skip":true},"29":{"start":{"line":106,"column":16},"end":{"line":106,"column":22},"skip":true},"30":{"start":{"line":108,"column":12},"end":{"line":120,"column":13},"skip":true},"31":{"start":{"line":114,"column":16},"end":{"line":119,"column":17},"skip":true},"32":{"start":{"line":116,"column":20},"end":{"line":116,"column":78},"skip":true},"33":{"start":{"line":118,"column":20},"end":{"line":118,"column":47},"skip":true},"34":{"start":{"line":123,"column":8},"end":{"line":141,"column":11},"skip":true},"35":{"start":{"line":124,"column":12},"end":{"line":124,"column":54},"skip":true},"36":{"start":{"line":125,"column":12},"end":{"line":140,"column":14},"skip":true},"37":{"start":{"line":126,"column":16},"end":{"line":126,"column":28},"skip":true},"38":{"start":{"line":127,"column":16},"end":{"line":127,"column":69},"skip":true},"39":{"start":{"line":128,"column":16},"end":{"line":128,"column":75},"skip":true},"40":{"start":{"line":129,"column":16},"end":{"line":131,"column":17},"skip":true},"41":{"start":{"line":130,"column":20},"end":{"line":130,"column":27},"skip":true},"42":{"start":{"line":133,"column":16},"end":{"line":137,"column":36},"skip":true},"43":{"start":{"line":134,"column":20},"end":{"line":136,"column":55},"skip":true},"44":{"start":{"line":139,"column":16},"end":{"line":139,"column":57},"skip":true},"45":{"start":{"line":143,"column":8},"end":{"line":147,"column":11},"skip":true},"46":{"start":{"line":144,"column":12},"end":{"line":146,"column":15},"skip":true},"47":{"start":{"line":145,"column":16},"end":{"line":145,"column":70},"skip":true},"48":{"start":{"line":149,"column":8},"end":{"line":149,"column":31},"skip":true},"49":{"start":{"line":150,"column":8},"end":{"line":150,"column":14},"skip":true},"50":{"start":{"line":158,"column":8},"end":{"line":158,"column":31},"skip":true},"51":{"start":{"line":160,"column":8},"end":{"line":160,"column":33},"skip":true},"52":{"start":{"line":161,"column":8},"end":{"line":161,"column":37},"skip":true},"53":{"start":{"line":162,"column":8},"end":{"line":162,"column":35},"skip":true},"54":{"start":{"line":164,"column":8},"end":{"line":164,"column":50},"skip":true},"55":{"start":{"line":166,"column":8},"end":{"line":256,"column":2},"skip":true},"56":{"start":{"line":258,"column":8},"end":{"line":286,"column":9},"skip":true},"57":{"start":{"line":259,"column":12},"end":{"line":269,"column":14},"skip":true},"58":{"start":{"line":271,"column":12},"end":{"line":285,"column":19},"skip":true},"59":{"start":{"line":274,"column":20},"end":{"line":274,"column":35},"skip":true},"60":{"start":{"line":275,"column":20},"end":{"line":284,"column":21},"skip":true},"61":{"start":{"line":277,"column":24},"end":{"line":277,"column":64},"skip":true},"62":{"start":{"line":279,"column":24},"end":{"line":279,"column":40},"skip":true},"63":{"start":{"line":281,"column":24},"end":{"line":281,"column":40},"skip":true},"64":{"start":{"line":283,"column":24},"end":{"line":283,"column":39},"skip":true},"65":{"start":{"line":288,"column":8},"end":{"line":290,"column":9},"skip":true},"66":{"start":{"line":289,"column":12},"end":{"line":289,"column":18},"skip":true},"67":{"start":{"line":291,"column":8},"end":{"line":293,"column":54},"skip":true},"68":{"start":{"line":296,"column":8},"end":{"line":301,"column":37},"skip":true},"69":{"start":{"line":303,"column":8},"end":{"line":303,"column":82},"skip":true},"70":{"start":{"line":306,"column":8},"end":{"line":308,"column":9},"skip":true},"71":{"start":{"line":307,"column":12},"end":{"line":307,"column":82},"skip":true},"72":{"start":{"line":310,"column":8},"end":{"line":312,"column":9},"skip":true},"73":{"start":{"line":311,"column":12},"end":{"line":311,"column":18},"skip":true},"74":{"start":{"line":313,"column":8},"end":{"line":313,"column":54},"skip":true},"75":{"start":{"line":314,"column":8},"end":{"line":314,"column":69},"skip":true},"76":{"start":{"line":315,"column":8},"end":{"line":323,"column":36},"skip":true},"77":{"start":{"line":316,"column":12},"end":{"line":316,"column":61},"skip":true},"78":{"start":{"line":317,"column":12},"end":{"line":320,"column":13},"skip":true},"79":{"start":{"line":318,"column":16},"end":{"line":318,"column":75},"skip":true},"80":{"start":{"line":319,"column":16},"end":{"line":319,"column":23},"skip":true},"81":{"start":{"line":321,"column":12},"end":{"line":321,"column":38},"skip":true},"82":{"start":{"line":322,"column":12},"end":{"line":322,"column":27},"skip":true},"83":{"start":{"line":324,"column":8},"end":{"line":324,"column":14},"skip":true}},"branchMap":{"1":{"line":39,"type":"binary-expr","locations":[{"start":{"line":39,"column":23},"end":{"line":39,"column":62}},{"start":{"line":40,"column":20},"end":{"line":40,"column":70}},{"start":{"line":41,"column":20},"end":{"line":41,"column":71}},{"start":{"line":42,"column":20},"end":{"line":42,"column":29}}]},"2":{"line":44,"type":"binary-expr","locations":[{"start":{"line":44,"column":23},"end":{"line":44,"column":37}},{"start":{"line":45,"column":20},"end":{"line":45,"column":61}},{"start":{"line":46,"column":20},"end":{"line":46,"column":70}},{"start":{"line":47,"column":20},"end":{"line":47,"column":26}}]},"3":{"line":51,"type":"cond-expr","locations":[{"start":{"line":52,"column":14},"end":{"line":52,"column":20}},{"start":{"line":53,"column":14},"end":{"line":53,"column":20}}]},"4":{"line":55,"type":"binary-expr","locations":[{"start":{"line":55,"column":16},"end":{"line":55,"column":44}},{"start":{"line":55,"column":49},"end":{"line":57,"column":43}}]},"5":{"line":55,"type":"cond-expr","locations":[{"start":{"line":56,"column":14},"end":{"line":56,"column":51}},{"start":{"line":57,"column":14},"end":{"line":57,"column":43}}]},"6":{"line":61,"type":"switch","locations":[{"start":{"line":68,"column":4},"end":{"line":150,"column":14},"skip":true},{"start":{"line":156,"column":4},"end":{"line":324,"column":14},"skip":true}]},"7":{"line":70,"type":"if","locations":[{"start":{"line":70,"column":12},"end":{"line":70,"column":12},"skip":true},{"start":{"line":70,"column":12},"end":{"line":70,"column":12},"skip":true}]},"8":{"line":70,"type":"binary-expr","locations":[{"start":{"line":70,"column":16},"end":{"line":70,"column":22},"skip":true},{"start":{"line":70,"column":27},"end":{"line":70,"column":32},"skip":true},{"start":{"line":71,"column":20},"end":{"line":71,"column":39},"skip":true},{"start":{"line":72,"column":20},"end":{"line":72,"column":49},"skip":true},{"start":{"line":73,"column":20},"end":{"line":73,"column":58},"skip":true},{"start":{"line":74,"column":20},"end":{"line":74,"column":69},"skip":true}]},"9":{"line":79,"type":"switch","locations":[{"start":{"line":80,"column":20},"end":{"line":80,"column":33},"skip":true},{"start":{"line":81,"column":20},"end":{"line":83,"column":30},"skip":true},{"start":{"line":84,"column":20},"end":{"line":85,"column":49},"skip":true}]},"10":{"line":89,"type":"switch","locations":[{"start":{"line":90,"column":12},"end":{"line":103,"column":22},"skip":true},{"start":{"line":105,"column":12},"end":{"line":106,"column":22},"skip":true}]},"11":{"line":89,"type":"binary-expr","locations":[{"start":{"line":89,"column":20},"end":{"line":89,"column":25},"skip":true},{"start":{"line":89,"column":29},"end":{"line":89,"column":48},"skip":true},{"start":{"line":89,"column":52},"end":{"line":89,"column":74},"skip":true}]},"12":{"line":92,"type":"if","locations":[{"start":{"line":92,"column":16},"end":{"line":92,"column":16},"skip":true},{"start":{"line":92,"column":16},"end":{"line":92,"column":16},"skip":true}]},"13":{"line":108,"type":"if","locations":[{"start":{"line":108,"column":12},"end":{"line":108,"column":12},"skip":true},{"start":{"line":108,"column":12},"end":{"line":108,"column":12},"skip":true}]},"14":{"line":108,"type":"binary-expr","locations":[{"start":{"line":108,"column":16},"end":{"line":108,"column":61},"skip":true},{"start":{"line":108,"column":66},"end":{"line":108,"column":72},"skip":true},{"start":{"line":108,"column":77},"end":{"line":108,"column":82},"skip":true},{"start":{"line":109,"column":20},"end":{"line":109,"column":39},"skip":true},{"start":{"line":110,"column":20},"end":{"line":110,"column":49},"skip":true},{"start":{"line":111,"column":20},"end":{"line":111,"column":58},"skip":true},{"start":{"line":112,"column":20},"end":{"line":112,"column":68},"skip":true}]},"15":{"line":129,"type":"if","locations":[{"start":{"line":129,"column":16},"end":{"line":129,"column":16},"skip":true},{"start":{"line":129,"column":16},"end":{"line":129,"column":16},"skip":true}]},"16":{"line":134,"type":"cond-expr","locations":[{"start":{"line":135,"column":26},"end":{"line":135,"column":29},"skip":true},{"start":{"line":136,"column":26},"end":{"line":136,"column":54},"skip":true}]},"17":{"line":164,"type":"binary-expr","locations":[{"start":{"line":164,"column":27},"end":{"line":164,"column":43},"skip":true},{"start":{"line":164,"column":47},"end":{"line":164,"column":49},"skip":true}]},"18":{"line":258,"type":"if","locations":[{"start":{"line":258,"column":8},"end":{"line":258,"column":8},"skip":true},{"start":{"line":258,"column":8},"end":{"line":258,"column":8},"skip":true}]},"19":{"line":275,"type":"switch","locations":[{"start":{"line":276,"column":20},"end":{"line":277,"column":64},"skip":true},{"start":{"line":278,"column":20},"end":{"line":279,"column":40},"skip":true},{"start":{"line":280,"column":20},"end":{"line":281,"column":40},"skip":true},{"start":{"line":282,"column":20},"end":{"line":283,"column":39},"skip":true}]},"20":{"line":288,"type":"if","locations":[{"start":{"line":288,"column":8},"end":{"line":288,"column":8},"skip":true},{"start":{"line":288,"column":8},"end":{"line":288,"column":8},"skip":true}]},"21":{"line":288,"type":"binary-expr","locations":[{"start":{"line":288,"column":12},"end":{"line":288,"column":40},"skip":true},{"start":{"line":288,"column":44},"end":{"line":288,"column":67},"skip":true}]},"22":{"line":292,"type":"binary-expr","locations":[{"start":{"line":292,"column":12},"end":{"line":292,"column":50},"skip":true},{"start":{"line":293,"column":12},"end":{"line":293,"column":53},"skip":true}]},"23":{"line":297,"type":"binary-expr","locations":[{"start":{"line":297,"column":12},"end":{"line":297,"column":65},"skip":true},{"start":{"line":298,"column":12},"end":{"line":301,"column":36},"skip":true}]},"24":{"line":303,"type":"binary-expr","locations":[{"start":{"line":303,"column":43},"end":{"line":303,"column":75},"skip":true},{"start":{"line":303,"column":79},"end":{"line":303,"column":81},"skip":true}]},"25":{"line":306,"type":"if","locations":[{"start":{"line":306,"column":8},"end":{"line":306,"column":8},"skip":true},{"start":{"line":306,"column":8},"end":{"line":306,"column":8},"skip":true}]},"26":{"line":310,"type":"if","locations":[{"start":{"line":310,"column":8},"end":{"line":310,"column":8},"skip":true},{"start":{"line":310,"column":8},"end":{"line":310,"column":8},"skip":true}]},"27":{"line":313,"type":"binary-expr","locations":[{"start":{"line":313,"column":27},"end":{"line":313,"column":43},"skip":true},{"start":{"line":313,"column":47},"end":{"line":313,"column":53},"skip":true}]},"28":{"line":317,"type":"if","locations":[{"start":{"line":317,"column":12},"end":{"line":317,"column":12},"skip":true},{"start":{"line":317,"column":12},"end":{"line":317,"column":12},"skip":true}]}},"code":["/*","example.js","","quickstart example","","instruction","    1. save this script as example.js","    2. run the shell command:","        $ npm install npmtest-svg2ttf && PORT=8081 node example.js","    3. play with the browser-demo on http://127.0.0.1:8081","*/","","","","/* istanbul instrument in package npmtest_svg2ttf */","/*jslint","    bitwise: true,","    browser: true,","    maxerr: 8,","    maxlen: 96,","    node: true,","    nomen: true,","    regexp: true,","    stupid: true","*/","(function () {","    'use strict';","    var local;","","","","    // run shared js-env code - pre-init","    (function () {","        // init local","        local = {};","        // init modeJs","        local.modeJs = (function () {","            try {","                return typeof navigator.userAgent === 'string' &&","                    typeof document.querySelector('body') === 'object' &&","                    typeof XMLHttpRequest.prototype.open === 'function' &&","                    'browser';","            } catch (errorCaughtBrowser) {","                return module.exports &&","                    typeof process.versions.node === 'string' &&","                    typeof require('http').createServer === 'function' &&","                    'node';","            }","        }());","        // init global","        local.global = local.modeJs === 'browser'","            ? window","            : global;","        // init utility2_rollup","        local = local.global.utility2_rollup || (local.modeJs === 'browser'","            ? local.global.utility2_npmtest_svg2ttf","            : global.utility2_moduleExports);","        // export local","        local.global.local = local;","    }());","    switch (local.modeJs) {","","","","    // post-init","    // run browser js-env code - post-init","    /* istanbul ignore next */","    case 'browser':","        local.testRunBrowser = function (event) {","            if (!event || (event &&","                    event.currentTarget &&","                    event.currentTarget.className &&","                    event.currentTarget.className.includes &&","                    event.currentTarget.className.includes('onreset'))) {","                // reset output","                Array.from(","                    document.querySelectorAll('body > .resettable')","                ).forEach(function (element) {","                    switch (element.tagName) {","                    case 'INPUT':","                    case 'TEXTAREA':","                        element.value = '';","                        break;","                    default:","                        element.textContent = '';","                    }","                });","            }","            switch (event && event.currentTarget && event.currentTarget.id) {","            case 'testRunButton1':","                // show tests","                if (document.querySelector('#testReportDiv1').style.display === 'none') {","                    document.querySelector('#testReportDiv1').style.display = 'block';","                    document.querySelector('#testRunButton1').textContent =","                        'hide internal test';","                    local.modeTest = true;","                    local.testRunDefault(local);","                // hide tests","                } else {","                    document.querySelector('#testReportDiv1').style.display = 'none';","                    document.querySelector('#testRunButton1').textContent = 'run internal test';","                }","                break;","            // custom-case","            default:","                break;","            }","            if (document.querySelector('#inputTextareaEval1') && (!event || (event &&","                    event.currentTarget &&","                    event.currentTarget.className &&","                    event.currentTarget.className.includes &&","                    event.currentTarget.className.includes('oneval')))) {","                // try to eval input-code","                try {","                    /*jslint evil: true*/","                    eval(document.querySelector('#inputTextareaEval1').value);","                } catch (errorCaught) {","                    console.error(errorCaught);","                }","            }","        };","        // log stderr and stdout to #outputTextareaStdout1","        ['error', 'log'].forEach(function (key) {","            console[key + '_original'] = console[key];","            console[key] = function () {","                var element;","                console[key + '_original'].apply(console, arguments);","                element = document.querySelector('#outputTextareaStdout1');","                if (!element) {","                    return;","                }","                // append text to #outputTextareaStdout1","                element.value += Array.from(arguments).map(function (arg) {","                    return typeof arg === 'string'","                        ? arg","                        : JSON.stringify(arg, null, 4);","                }).join(' ') + '\\n';","                // scroll textarea to bottom","                element.scrollTop = element.scrollHeight;","            };","        });","        // init event-handling","        ['change', 'click', 'keyup'].forEach(function (event) {","            Array.from(document.querySelectorAll('.on' + event)).forEach(function (element) {","                element.addEventListener(event, local.testRunBrowser);","            });","        });","        // run tests","        local.testRunBrowser();","        break;","","","","    // run node js-env code - post-init","    /* istanbul ignore next */","    case 'node':","        // export local","        module.exports = local;","        // require modules","        local.fs = require('fs');","        local.http = require('http');","        local.url = require('url');","        // init assets","        local.assetsDict = local.assetsDict || {};","        /* jslint-ignore-begin */","        local.assetsDict['/assets.index.template.html'] = '\\","<!doctype html>\\n\\","<html lang=\"en\">\\n\\","<head>\\n\\","<meta charset=\"UTF-8\">\\n\\","<meta name=\"viewport\" content=\"width=device-width, initial-scale=1\">\\n\\","<title>{{env.npm_package_name}} (v{{env.npm_package_version}})</title>\\n\\","<style>\\n\\","/*csslint\\n\\","    box-sizing: false,\\n\\","    universal-selector: false\\n\\","*/\\n\\","* {\\n\\","    box-sizing: border-box;\\n\\","}\\n\\","body {\\n\\","    background: #dde;\\n\\","    font-family: Arial, Helvetica, sans-serif;\\n\\","    margin: 2rem;\\n\\","}\\n\\","body > * {\\n\\","    margin-bottom: 1rem;\\n\\","}\\n\\",".utility2FooterDiv {\\n\\","    margin-top: 20px;\\n\\","    text-align: center;\\n\\","}\\n\\","</style>\\n\\","<style>\\n\\","/*csslint\\n\\","*/\\n\\","textarea {\\n\\","    font-family: monospace;\\n\\","    height: 10rem;\\n\\","    width: 100%;\\n\\","}\\n\\","textarea[readonly] {\\n\\","    background: #ddd;\\n\\","}\\n\\","</style>\\n\\","</head>\\n\\","<body>\\n\\","<!-- utility2-comment\\n\\","<div id=\"ajaxProgressDiv1\" style=\"background: #d00; height: 2px; left: 0; margin: 0; padding: 0; position: fixed; top: 0; transition: background 0.5s, width 1.5s; width: 25%;\"></div>\\n\\","utility2-comment -->\\n\\","<h1>\\n\\","<!-- utility2-comment\\n\\","    <a\\n\\","        {{#if env.npm_package_homepage}}\\n\\","        href=\"{{env.npm_package_homepage}}\"\\n\\","        {{/if env.npm_package_homepage}}\\n\\","        target=\"_blank\"\\n\\","    >\\n\\","utility2-comment -->\\n\\","        {{env.npm_package_name}} (v{{env.npm_package_version}})\\n\\","<!-- utility2-comment\\n\\","    </a>\\n\\","utility2-comment -->\\n\\","</h1>\\n\\","<h3>{{env.npm_package_description}}</h3>\\n\\","<!-- utility2-comment\\n\\","<h4><a download href=\"assets.app.js\">download standalone app</a></h4>\\n\\","<button class=\"onclick onreset\" id=\"testRunButton1\">run internal test</button><br>\\n\\","<div id=\"testReportDiv1\" style=\"display: none;\"></div>\\n\\","utility2-comment -->\\n\\","\\n\\","\\n\\","\\n\\","<label>stderr and stdout</label>\\n\\","<textarea class=\"resettable\" id=\"outputTextareaStdout1\" readonly></textarea>\\n\\","<!-- utility2-comment\\n\\","{{#if isRollup}}\\n\\","<script src=\"assets.app.js\"></script>\\n\\","{{#unless isRollup}}\\n\\","utility2-comment -->\\n\\","<script src=\"assets.utility2.rollup.js\"></script>\\n\\","<script src=\"jsonp.utility2._stateInit?callback=window.utility2._stateInit\"></script>\\n\\","<script src=\"assets.npmtest_svg2ttf.rollup.js\"></script>\\n\\","<script src=\"assets.example.js\"></script>\\n\\","<script src=\"assets.test.js\"></script>\\n\\","<!-- utility2-comment\\n\\","{{/if isRollup}}\\n\\","utility2-comment -->\\n\\","<div class=\"utility2FooterDiv\">\\n\\","    [ this app was created with\\n\\","    <a href=\"https://github.com/kaizhu256/node-utility2\" target=\"_blank\">utility2</a>\\n\\","    ]\\n\\","</div>\\n\\","</body>\\n\\","</html>\\n\\","';","        /* jslint-ignore-end */","        if (local.templateRender) {","            local.assetsDict['/'] = local.templateRender(","                local.assetsDict['/assets.index.template.html'],","                {","                    env: local.objectSetDefault(local.env, {","                        npm_package_description: 'the greatest app in the world!',","                        npm_package_name: 'my-app',","                        npm_package_nameAlias: 'my_app',","                        npm_package_version: '0.0.1'","                    })","                }","            );","        } else {","            local.assetsDict['/'] = local.assetsDict['/assets.index.template.html']","                .replace((/\\{\\{env\\.(\\w+?)\\}\\}/g), function (match0, match1) {","                    // jslint-hack","                    String(match0);","                    switch (match1) {","                    case 'npm_package_description':","                        return 'the greatest app in the world!';","                    case 'npm_package_name':","                        return 'my-app';","                    case 'npm_package_nameAlias':","                        return 'my_app';","                    case 'npm_package_version':","                        return '0.0.1';","                    }","                });","        }","        // run the cli","        if (local.global.utility2_rollup || module !== require.main) {","            break;","        }","        local.assetsDict['/assets.example.js'] =","            local.assetsDict['/assets.example.js'] ||","            local.fs.readFileSync(__filename, 'utf8');","        // bug-workaround - long $npm_package_buildCustomOrg","        /* jslint-ignore-begin */","        local.assetsDict['/assets.npmtest_svg2ttf.rollup.js'] =","            local.assetsDict['/assets.npmtest_svg2ttf.rollup.js'] ||","            local.fs.readFileSync(","                local.npmtest_svg2ttf.__dirname + '/lib.npmtest_svg2ttf.js',","                'utf8'","            ).replace((/^#!/), '//');","        /* jslint-ignore-end */","        local.assetsDict['/favicon.ico'] = local.assetsDict['/favicon.ico'] || '';","        // if $npm_config_timeout_exit exists,","        // then exit this process after $npm_config_timeout_exit ms","        if (Number(process.env.npm_config_timeout_exit)) {","            setTimeout(process.exit, Number(process.env.npm_config_timeout_exit));","        }","        // start server","        if (local.global.utility2_serverHttp1) {","            break;","        }","        process.env.PORT = process.env.PORT || '8081';","        console.error('server starting on port ' + process.env.PORT);","        local.http.createServer(function (request, response) {","            request.urlParsed = local.url.parse(request.url);","            if (local.assetsDict[request.urlParsed.pathname] !== undefined) {","                response.end(local.assetsDict[request.urlParsed.pathname]);","                return;","            }","            response.statusCode = 404;","            response.end();","        }).listen(process.env.PORT);","        break;","    }","}());",""],"l":{"26":2,"28":2,"33":2,"35":2,"37":2,"38":2,"39":2,"44":1,"51":2,"55":2,"59":2,"61":2,"69":1,"70":2,"76":2,"79":2,"82":2,"83":2,"85":1,"89":2,"92":1,"93":1,"94":1,"96":1,"97":1,"100":1,"101":1,"103":1,"106":1,"108":2,"114":1,"116":1,"118":1,"123":1,"124":2,"125":2,"126":3,"127":3,"128":3,"129":3,"130":1,"133":3,"134":3,"139":3,"143":1,"144":3,"145":1,"149":1,"150":1,"158":1,"160":1,"161":1,"162":1,"164":1,"166":1,"258":1,"259":1,"271":1,"274":6,"275":6,"277":1,"279":2,"281":1,"283":2,"288":1,"289":1,"291":1,"296":1,"303":1,"306":1,"307":1,"310":1,"311":1,"313":1,"314":1,"315":1,"316":1,"317":1,"318":1,"319":1,"321":1,"322":1,"324":1}},"/home/travis/build/npmtest/node-npmtest-svg2ttf/node_modules/svg2ttf/index.js":{"path":"/home/travis/build/npmtest/node-npmtest-svg2ttf/node_modules/svg2ttf/index.js","s":{"1":1,"2":1,"3":1,"4":1,"5":1,"6":1,"7":1,"8":0,"9":0,"10":0,"11":0,"12":0,"13":0,"14":0,"15":0,"16":0,"17":0,"18":0,"19":0,"20":0,"21":0,"22":0,"23":0,"24":0,"25":0,"26":0,"27":0,"28":0,"29":0,"30":0,"31":0,"32":0,"33":0,"34":0,"35":0,"36":0,"37":0,"38":1,"39":0,"40":0,"41":0,"42":0,"43":0,"44":0,"45":0,"46":0,"47":0,"48":0,"49":0,"50":0,"51":0,"52":0,"53":0,"54":0,"55":0,"56":0,"57":0,"58":0,"59":0,"60":0,"61":0,"62":0,"63":0,"64":0,"65":0,"66":0,"67":0,"68":0,"69":0,"70":0,"71":0,"72":0,"73":0,"74":0,"75":0,"76":0,"77":0,"78":0,"79":0,"80":0,"81":0,"82":0,"83":0,"84":0,"85":0,"86":0,"87":0,"88":0,"89":0,"90":0,"91":0,"92":0,"93":0,"94":0,"95":0,"96":1},"b":{"1":[0,0],"2":[0,0],"3":[0,0,0],"4":[0,0],"5":[0,0],"6":[0,0],"7":[0,0],"8":[0,0],"9":[0,0],"10":[0,0],"11":[0,0],"12":[0,0],"13":[0,0],"14":[0,0],"15":[0,0],"16":[0,0],"17":[0,0],"18":[0,0],"19":[0,0],"20":[0,0],"21":[0,0],"22":[0,0],"23":[0,0],"24":[0,0],"25":[0,0],"26":[0,0],"27":[0,0],"28":[0,0],"29":[0,0],"30":[0,0]},"f":{"1":0,"2":0,"3":0,"4":0,"5":0,"6":0,"7":0,"8":0,"9":0,"10":0,"11":0,"12":0},"fnMap":{"1":{"name":"svg2ttf","line":20,"loc":{"start":{"line":20,"column":0},"end":{"line":20,"column":37}}},"2":{"name":"addCodePoint","line":70,"loc":{"start":{"line":70,"column":2},"end":{"line":70,"column":42}}},"3":{"name":"(anonymous_3)","line":80,"loc":{"start":{"line":80,"column":28},"end":{"line":80,"column":48}}},"4":{"name":"(anonymous_4)","line":91,"loc":{"start":{"line":91,"column":32},"end":{"line":91,"column":53}}},"5":{"name":"(anonymous_5)","line":106,"loc":{"start":{"line":106,"column":34},"end":{"line":106,"column":51}}},"6":{"name":"(anonymous_6)","line":115,"loc":{"start":{"line":115,"column":31},"end":{"line":115,"column":54}}},"7":{"name":"(anonymous_7)","line":122,"loc":{"start":{"line":122,"column":32},"end":{"line":122,"column":53}}},"8":{"name":"(anonymous_8)","line":144,"loc":{"start":{"line":144,"column":20},"end":{"line":144,"column":37}}},"9":{"name":"(anonymous_9)","line":149,"loc":{"start":{"line":149,"column":20},"end":{"line":149,"column":37}}},"10":{"name":"(anonymous_10)","line":162,"loc":{"start":{"line":162,"column":15},"end":{"line":162,"column":47}}},"11":{"name":"(anonymous_11)","line":168,"loc":{"start":{"line":168,"column":41},"end":{"line":168,"column":64}}},"12":{"name":"(anonymous_12)","line":171,"loc":{"start":{"line":171,"column":42},"end":{"line":171,"column":63}}}},"statementMap":{"1":{"start":{"line":10,"column":0},"end":{"line":10,"column":32}},"2":{"start":{"line":11,"column":0},"end":{"line":11,"column":33}},"3":{"start":{"line":12,"column":0},"end":{"line":12,"column":33}},"4":{"start":{"line":13,"column":0},"end":{"line":13,"column":35}},"5":{"start":{"line":14,"column":0},"end":{"line":14,"column":36}},"6":{"start":{"line":17,"column":0},"end":{"line":17,"column":45}},"7":{"start":{"line":20,"column":0},"end":{"line":187,"column":1}},"8":{"start":{"line":21,"column":2},"end":{"line":21,"column":29}},"9":{"start":{"line":22,"column":2},"end":{"line":22,"column":36}},"10":{"start":{"line":24,"column":2},"end":{"line":24,"column":26}},"11":{"start":{"line":26,"column":2},"end":{"line":26,"column":37}},"12":{"start":{"line":27,"column":2},"end":{"line":27,"column":75}},"13":{"start":{"line":28,"column":2},"end":{"line":28,"column":57}},"14":{"start":{"line":29,"column":2},"end":{"line":29,"column":76}},"15":{"start":{"line":30,"column":2},"end":{"line":30,"column":72}},"16":{"start":{"line":33,"column":2},"end":{"line":33,"column":55}},"17":{"start":{"line":35,"column":2},"end":{"line":37,"column":3}},"18":{"start":{"line":36,"column":4},"end":{"line":36,"column":66}},"19":{"start":{"line":38,"column":2},"end":{"line":40,"column":3}},"20":{"start":{"line":39,"column":4},"end":{"line":39,"column":84}},"21":{"start":{"line":42,"column":2},"end":{"line":42,"column":66}},"22":{"start":{"line":43,"column":2},"end":{"line":43,"column":55}},"23":{"start":{"line":46,"column":2},"end":{"line":46,"column":72}},"24":{"start":{"line":48,"column":2},"end":{"line":50,"column":3}},"25":{"start":{"line":49,"column":4},"end":{"line":49,"column":85}},"26":{"start":{"line":54,"column":2},"end":{"line":54,"column":49}},"27":{"start":{"line":55,"column":2},"end":{"line":55,"column":48}},"28":{"start":{"line":56,"column":2},"end":{"line":56,"column":48}},"29":{"start":{"line":57,"column":2},"end":{"line":57,"column":47}},"30":{"start":{"line":58,"column":2},"end":{"line":58,"column":47}},"31":{"start":{"line":61,"column":2},"end":{"line":61,"column":54}},"32":{"start":{"line":62,"column":2},"end":{"line":62,"column":55}},"33":{"start":{"line":63,"column":2},"end":{"line":63,"column":80}},"34":{"start":{"line":64,"column":2},"end":{"line":64,"column":73}},"35":{"start":{"line":66,"column":2},"end":{"line":66,"column":27}},"36":{"start":{"line":67,"column":2},"end":{"line":67,"column":35}},"37":{"start":{"line":68,"column":2},"end":{"line":68,"column":33}},"38":{"start":{"line":70,"column":2},"end":{"line":77,"column":3}},"39":{"start":{"line":71,"column":4},"end":{"line":74,"column":5}},"40":{"start":{"line":73,"column":6},"end":{"line":73,"column":19}},"41":{"start":{"line":75,"column":4},"end":{"line":75,"column":34}},"42":{"start":{"line":76,"column":4},"end":{"line":76,"column":16}},"43":{"start":{"line":80,"column":2},"end":{"line":94,"column":5}},"44":{"start":{"line":81,"column":4},"end":{"line":81,"column":33}},"45":{"start":{"line":83,"column":4},"end":{"line":83,"column":31}},"46":{"start":{"line":84,"column":4},"end":{"line":84,"column":25}},"47":{"start":{"line":85,"column":4},"end":{"line":85,"column":75}},"48":{"start":{"line":86,"column":4},"end":{"line":86,"column":71}},"49":{"start":{"line":87,"column":4},"end":{"line":87,"column":23}},"50":{"start":{"line":89,"column":4},"end":{"line":89,"column":31}},"51":{"start":{"line":91,"column":4},"end":{"line":93,"column":7}},"52":{"start":{"line":92,"column":6},"end":{"line":92,"column":37}},"53":{"start":{"line":96,"column":2},"end":{"line":96,"column":19}},"54":{"start":{"line":100,"column":2},"end":{"line":109,"column":3}},"55":{"start":{"line":101,"column":4},"end":{"line":101,"column":36}},"56":{"start":{"line":102,"column":4},"end":{"line":102,"column":44}},"57":{"start":{"line":103,"column":4},"end":{"line":103,"column":106}},"58":{"start":{"line":104,"column":4},"end":{"line":104,"column":102}},"59":{"start":{"line":106,"column":4},"end":{"line":108,"column":7}},"60":{"start":{"line":107,"column":6},"end":{"line":107,"column":38}},"61":{"start":{"line":110,"column":2},"end":{"line":112,"column":3}},"62":{"start":{"line":111,"column":4},"end":{"line":111,"column":36}},"63":{"start":{"line":115,"column":2},"end":{"line":133,"column":5}},"64":{"start":{"line":116,"column":4},"end":{"line":120,"column":6}},"65":{"start":{"line":122,"column":4},"end":{"line":131,"column":7}},"66":{"start":{"line":124,"column":6},"end":{"line":124,"column":35}},"67":{"start":{"line":125,"column":6},"end":{"line":125,"column":49}},"68":{"start":{"line":127,"column":6},"end":{"line":130,"column":7}},"69":{"start":{"line":128,"column":8},"end":{"line":128,"column":48}},"70":{"start":{"line":129,"column":8},"end":{"line":129,"column":27}},"71":{"start":{"line":132,"column":4},"end":{"line":132,"column":29}},"72":{"start":{"line":136,"column":2},"end":{"line":138,"column":3}},"73":{"start":{"line":137,"column":4},"end":{"line":137,"column":51}},"74":{"start":{"line":139,"column":2},"end":{"line":139,"column":31}},"75":{"start":{"line":141,"column":2},"end":{"line":141,"column":17}},"76":{"start":{"line":144,"column":2},"end":{"line":147,"column":5}},"77":{"start":{"line":145,"column":4},"end":{"line":145,"column":22}},"78":{"start":{"line":146,"column":4},"end":{"line":146,"column":13}},"79":{"start":{"line":149,"column":2},"end":{"line":182,"column":5}},"80":{"start":{"line":154,"column":4},"end":{"line":154,"column":56}},"81":{"start":{"line":155,"column":4},"end":{"line":155,"column":64}},"82":{"start":{"line":158,"column":4},"end":{"line":164,"column":9}},"83":{"start":{"line":163,"column":8},"end":{"line":163,"column":63}},"84":{"start":{"line":165,"column":4},"end":{"line":165,"column":51}},"85":{"start":{"line":168,"column":4},"end":{"line":181,"column":7}},"86":{"start":{"line":169,"column":6},"end":{"line":169,"column":39}},"87":{"start":{"line":171,"column":6},"end":{"line":178,"column":9}},"88":{"start":{"line":172,"column":8},"end":{"line":172,"column":37}},"89":{"start":{"line":174,"column":8},"end":{"line":174,"column":30}},"90":{"start":{"line":175,"column":8},"end":{"line":175,"column":30}},"91":{"start":{"line":176,"column":8},"end":{"line":176,"column":42}},"92":{"start":{"line":177,"column":8},"end":{"line":177,"column":21}},"93":{"start":{"line":180,"column":6},"end":{"line":180,"column":21}},"94":{"start":{"line":184,"column":2},"end":{"line":184,"column":29}},"95":{"start":{"line":186,"column":2},"end":{"line":186,"column":13}},"96":{"start":{"line":189,"column":0},"end":{"line":189,"column":25}}},"branchMap":{"1":{"line":24,"type":"binary-expr","locations":[{"start":{"line":24,"column":12},"end":{"line":24,"column":19}},{"start":{"line":24,"column":23},"end":{"line":24,"column":25}}]},"2":{"line":26,"type":"binary-expr","locations":[{"start":{"line":26,"column":12},"end":{"line":26,"column":22}},{"start":{"line":26,"column":26},"end":{"line":26,"column":36}}]},"3":{"line":27,"type":"binary-expr","locations":[{"start":{"line":27,"column":20},"end":{"line":27,"column":38}},{"start":{"line":27,"column":42},"end":{"line":27,"column":60}},{"start":{"line":27,"column":64},"end":{"line":27,"column":74}}]},"4":{"line":28,"type":"binary-expr","locations":[{"start":{"line":28,"column":19},"end":{"line":28,"column":36}},{"start":{"line":28,"column":40},"end":{"line":28,"column":56}}]},"5":{"line":29,"type":"binary-expr","locations":[{"start":{"line":29,"column":38},"end":{"line":29,"column":59}},{"start":{"line":29,"column":63},"end":{"line":29,"column":72}}]},"6":{"line":30,"type":"binary-expr","locations":[{"start":{"line":30,"column":38},"end":{"line":30,"column":54}},{"start":{"line":30,"column":58},"end":{"line":30,"column":68}}]},"7":{"line":33,"type":"binary-expr","locations":[{"start":{"line":33,"column":22},"end":{"line":33,"column":37}},{"start":{"line":33,"column":41},"end":{"line":33,"column":54}}]},"8":{"line":35,"type":"if","locations":[{"start":{"line":35,"column":2},"end":{"line":35,"column":2}},{"start":{"line":35,"column":2},"end":{"line":35,"column":2}}]},"9":{"line":38,"type":"if","locations":[{"start":{"line":38,"column":2},"end":{"line":38,"column":2}},{"start":{"line":38,"column":2},"end":{"line":38,"column":2}}]},"10":{"line":46,"type":"binary-expr","locations":[{"start":{"line":46,"column":38},"end":{"line":46,"column":54}},{"start":{"line":46,"column":58},"end":{"line":46,"column":68}}]},"11":{"line":48,"type":"if","locations":[{"start":{"line":48,"column":2},"end":{"line":48,"column":2}},{"start":{"line":48,"column":2},"end":{"line":48,"column":2}}]},"12":{"line":54,"type":"binary-expr","locations":[{"start":{"line":54,"column":22},"end":{"line":54,"column":40}},{"start":{"line":54,"column":44},"end":{"line":54,"column":48}}]},"13":{"line":55,"type":"binary-expr","locations":[{"start":{"line":55,"column":22},"end":{"line":55,"column":42}},{"start":{"line":55,"column":46},"end":{"line":55,"column":47}}]},"14":{"line":56,"type":"binary-expr","locations":[{"start":{"line":56,"column":22},"end":{"line":56,"column":42}},{"start":{"line":56,"column":46},"end":{"line":56,"column":47}}]},"15":{"line":57,"type":"binary-expr","locations":[{"start":{"line":57,"column":22},"end":{"line":57,"column":41}},{"start":{"line":57,"column":45},"end":{"line":57,"column":46}}]},"16":{"line":58,"type":"binary-expr","locations":[{"start":{"line":58,"column":22},"end":{"line":58,"column":41}},{"start":{"line":58,"column":45},"end":{"line":58,"column":46}}]},"17":{"line":61,"type":"binary-expr","locations":[{"start":{"line":61,"column":18},"end":{"line":61,"column":31}},{"start":{"line":61,"column":35},"end":{"line":61,"column":53}}]},"18":{"line":62,"type":"binary-expr","locations":[{"start":{"line":62,"column":18},"end":{"line":62,"column":32}},{"start":{"line":62,"column":36},"end":{"line":62,"column":54}}]},"19":{"line":63,"type":"cond-expr","locations":[{"start":{"line":63,"column":44},"end":{"line":63,"column":59}},{"start":{"line":63,"column":62},"end":{"line":63,"column":79}}]},"20":{"line":64,"type":"binary-expr","locations":[{"start":{"line":64,"column":18},"end":{"line":64,"column":32}},{"start":{"line":64,"column":37},"end":{"line":64,"column":71}}]},"21":{"line":71,"type":"if","locations":[{"start":{"line":71,"column":4},"end":{"line":71,"column":4}},{"start":{"line":71,"column":4},"end":{"line":71,"column":4}}]},"22":{"line":85,"type":"cond-expr","locations":[{"start":{"line":85,"column":45},"end":{"line":85,"column":60}},{"start":{"line":85,"column":63},"end":{"line":85,"column":74}}]},"23":{"line":86,"type":"cond-expr","locations":[{"start":{"line":86,"column":43},"end":{"line":86,"column":57}},{"start":{"line":86,"column":60},"end":{"line":86,"column":70}}]},"24":{"line":100,"type":"if","locations":[{"start":{"line":100,"column":2},"end":{"line":100,"column":2}},{"start":{"line":100,"column":2},"end":{"line":100,"column":2}}]},"25":{"line":103,"type":"cond-expr","locations":[{"start":{"line":103,"column":64},"end":{"line":103,"column":91}},{"start":{"line":103,"column":94},"end":{"line":103,"column":105}}]},"26":{"line":104,"type":"cond-expr","locations":[{"start":{"line":104,"column":62},"end":{"line":104,"column":88}},{"start":{"line":104,"column":91},"end":{"line":104,"column":101}}]},"27":{"line":110,"type":"if","locations":[{"start":{"line":110,"column":2},"end":{"line":110,"column":2}},{"start":{"line":110,"column":2},"end":{"line":110,"column":2}}]},"28":{"line":127,"type":"if","locations":[{"start":{"line":127,"column":6},"end":{"line":127,"column":6}},{"start":{"line":127,"column":6},"end":{"line":127,"column":6}}]},"29":{"line":136,"type":"if","locations":[{"start":{"line":136,"column":2},"end":{"line":136,"column":2}},{"start":{"line":136,"column":2},"end":{"line":136,"column":2}}]},"30":{"line":155,"type":"cond-expr","locations":[{"start":{"line":155,"column":39},"end":{"line":155,"column":42}},{"start":{"line":155,"column":45},"end":{"line":155,"column":63}}]}},"code":["/*"," * Copyright: Vitaly Puzrin"," * Author: Sergey Batishchev <snb2003@rambler.ru>"," *"," * Written for fontello.com project."," */","","'use strict';","","var _       = require('lodash');","var SvgPath = require('svgpath');","var ucs2 = require('./lib/ucs2');","var svg     = require('./lib/svg');","var sfnt    = require('./lib/sfnt');","","","var VERSION_RE = /^(Version )?(\\d+[.]\\d+)$/i;","","","function svg2ttf(svgString, options) {","  var font = new sfnt.Font();","  var svgFont = svg.load(svgString);","","  options = options || {};","","  font.id = options.id || svgFont.id;","  font.familyName = options.familyname || svgFont.familyName || svgFont.id;","  font.copyright = options.copyright || svgFont.metadata;","  font.sfntNames.push({ id: 2, value: options.subfamilyname || 'Regular' }); // subfamily name","  font.sfntNames.push({ id: 4, value: options.fullname || svgFont.id }); // full name","","","  var versionString = options.version || 'Version 1.0';","","  if (typeof versionString !== 'string') {","    throw new Error('svg2ttf: version option should be a string');","  }","  if (!VERSION_RE.test(versionString)) {","    throw new Error('svg2ttf: invalid option, version - \"' + options.version + '\"');","  }","","  versionString = 'Version ' + versionString.match(VERSION_RE)[2];","  font.sfntNames.push({ id: 5, value: versionString }); // version ID for TTF name table","","","  font.sfntNames.push({ id: 6, value: options.fullname || svgFont.id }); // Postscript name for the font, required for OSX Font Book","","  if (typeof options.ts !== 'undefined') {","    font.createdDate = font.modifiedDate = new Date(parseInt(options.ts, 10) * 1000);","  }","","  // Try to fill font metrics or guess defaults","  //","  font.unitsPerEm   = svgFont.unitsPerEm || 1000;","  font.horizOriginX = svgFont.horizOriginX || 0;","  font.horizOriginY = svgFont.horizOriginY || 0;","  font.vertOriginX  = svgFont.vertOriginX || 0;","  font.vertOriginY  = svgFont.vertOriginY || 0;","  // need to correctly convert text values, use default (400) until compleete","  //font.weightClass = svgFont.weightClass;","  font.width    = svgFont.width || svgFont.unitsPerEm;","  font.height   = svgFont.height || svgFont.unitsPerEm;","  font.descent  = !isNaN(svgFont.descent) ? svgFont.descent : -font.vertOriginY;","  font.ascent   = svgFont.ascent || (font.unitsPerEm - font.vertOriginY);","","  var glyphs = font.glyphs;","  var codePoints = font.codePoints;","  var ligatures = font.ligatures;","","  function addCodePoint(codePoint, glyph) {","    if (codePoints[codePoint]) {","      // Ignore code points already defined","      return false;","    }","    codePoints[codePoint] = glyph;","    return true;","  }","","  // add SVG glyphs to SFNT font","  _.forEach(svgFont.glyphs, function (svgGlyph) {","    var glyph = new sfnt.Glyph();","","    glyph.name = svgGlyph.name;","    glyph.d = svgGlyph.d;","    glyph.height = !isNaN(svgGlyph.height) ? svgGlyph.height : font.height;","    glyph.width = !isNaN(svgGlyph.width) ? svgGlyph.width : font.width;","    glyphs.push(glyph);","","    svgGlyph.sfntGlyph = glyph;","","    _.forEach(svgGlyph.unicode, function (codePoint) {","      addCodePoint(codePoint, glyph);","    });","  });","","  var missingGlyph;","","  // add missing glyph to SFNT font","  // also, check missing glyph existance and single instance","  if (svgFont.missingGlyph) {","    missingGlyph = new sfnt.Glyph();","    missingGlyph.d = svgFont.missingGlyph.d;","    missingGlyph.height = !isNaN(svgFont.missingGlyph.height) ? svgFont.missingGlyph.height : font.height;","    missingGlyph.width = !isNaN(svgFont.missingGlyph.width) ? svgFont.missingGlyph.width : font.width;","  } else {","    missingGlyph = _.find(glyphs, function (glyph) {","      return glyph.name === '.notdef';","    });","  }","  if (!missingGlyph) { // no missing glyph and .notdef glyph, we need to create missing glyph","    missingGlyph = new sfnt.Glyph();","  }","","  // Create glyphs for all characters used in ligatures","  _.forEach(svgFont.ligatures, function (svgLigature) {","    var ligature = {","      ligature: svgLigature.ligature,","      unicode: svgLigature.unicode,","      glyph: svgLigature.glyph.sfntGlyph","    };","","    _.forEach(ligature.unicode, function (charPoint) {","      // We need to have a distinct glyph for each code point so we can reference it in GSUB","      var glyph = new sfnt.Glyph();","      var added = addCodePoint(charPoint, glyph);","","      if (added) {","        glyph.name = ucs2.encode([ charPoint ]);","        glyphs.push(glyph);","      }","    });","    ligatures.push(ligature);","  });","","  // Missing Glyph needs to have index 0","  if (glyphs.indexOf(missingGlyph) !== -1) {","    glyphs.splice(glyphs.indexOf(missingGlyph), 1);","  }","  glyphs.unshift(missingGlyph);","","  var nextID = 0;","","  //add IDs","  _.forEach(glyphs, function (glyph) {","    glyph.id = nextID;","    nextID++;","  });","","  _.forEach(glyphs, function (glyph) {","","    // Calculate accuracy for cubicToQuad transformation","    // For glyphs with height and width smaller than 500 use relative 0.06% accuracy,","    // for larger glyphs use fixed accuracy 0.3.","    var glyphSize = Math.max(glyph.width, glyph.height);","    var accuracy = (glyphSize > 500) ? 0.3 : glyphSize * 0.0006;","","    //SVG transformations","    var svgPath = new SvgPath(glyph.d)","      .abs()","      .unshort()","      .unarc()","      .iterate(function (segment, index, x, y) {","        return svg.cubicToQuad(segment, index, x, y, accuracy);","      });","    var sfntContours = svg.toSfntCoutours(svgPath);","","    // Add contours to SFNT font","    glyph.contours = _.map(sfntContours, function (sfntContour) {","      var contour = new sfnt.Contour();","","      contour.points = _.map(sfntContour, function (sfntPoint) {","        var point = new sfnt.Point();","","        point.x = sfntPoint.x;","        point.y = sfntPoint.y;","        point.onCurve = sfntPoint.onCurve;","        return point;","      });","","      return contour;","    });","  });","","  var ttf = sfnt.toTTF(font);","","  return ttf;","}","","module.exports = svg2ttf;",""],"l":{"10":1,"11":1,"12":1,"13":1,"14":1,"17":1,"20":1,"21":0,"22":0,"24":0,"26":0,"27":0,"28":0,"29":0,"30":0,"33":0,"35":0,"36":0,"38":0,"39":0,"42":0,"43":0,"46":0,"48":0,"49":0,"54":0,"55":0,"56":0,"57":0,"58":0,"61":0,"62":0,"63":0,"64":0,"66":0,"67":0,"68":0,"70":1,"71":0,"73":0,"75":0,"76":0,"80":0,"81":0,"83":0,"84":0,"85":0,"86":0,"87":0,"89":0,"91":0,"92":0,"96":0,"100":0,"101":0,"102":0,"103":0,"104":0,"106":0,"107":0,"110":0,"111":0,"115":0,"116":0,"122":0,"124":0,"125":0,"127":0,"128":0,"129":0,"132":0,"136":0,"137":0,"139":0,"141":0,"144":0,"145":0,"146":0,"149":0,"154":0,"155":0,"158":0,"163":0,"165":0,"168":0,"169":0,"171":0,"172":0,"174":0,"175":0,"176":0,"177":0,"180":0,"184":0,"186":0,"189":1}},"/home/travis/build/npmtest/node-npmtest-svg2ttf/node_modules/svg2ttf/lib/ucs2.js":{"path":"/home/travis/build/npmtest/node-npmtest-svg2ttf/node_modules/svg2ttf/lib/ucs2.js","s":{"1":1,"2":1,"3":0,"4":0,"5":0,"6":0,"7":0,"8":0,"9":0,"10":0,"11":1,"12":0,"13":0,"14":0,"15":0,"16":0,"17":0,"18":0,"19":0,"20":0,"21":0,"22":0,"23":1},"b":{"1":[0,0],"2":[0,0],"3":[0,0,0],"4":[0,0]},"f":{"1":0,"2":0,"3":0},"fnMap":{"1":{"name":"ucs2encode","line":6,"loc":{"start":{"line":6,"column":0},"end":{"line":6,"column":27}}},"2":{"name":"(anonymous_2)","line":7,"loc":{"start":{"line":7,"column":22},"end":{"line":7,"column":39}}},"3":{"name":"ucs2decode","line":20,"loc":{"start":{"line":20,"column":0},"end":{"line":20,"column":28}}}},"statementMap":{"1":{"start":{"line":3,"column":0},"end":{"line":3,"column":26}},"2":{"start":{"line":6,"column":0},"end":{"line":18,"column":1}},"3":{"start":{"line":7,"column":2},"end":{"line":17,"column":14}},"4":{"start":{"line":8,"column":4},"end":{"line":8,"column":20}},"5":{"start":{"line":10,"column":4},"end":{"line":14,"column":5}},"6":{"start":{"line":11,"column":6},"end":{"line":11,"column":23}},"7":{"start":{"line":12,"column":6},"end":{"line":12,"column":67}},"8":{"start":{"line":13,"column":6},"end":{"line":13,"column":37}},"9":{"start":{"line":15,"column":4},"end":{"line":15,"column":41}},"10":{"start":{"line":16,"column":4},"end":{"line":16,"column":18}},"11":{"start":{"line":20,"column":0},"end":{"line":45,"column":1}},"12":{"start":{"line":21,"column":2},"end":{"line":25,"column":12}},"13":{"start":{"line":27,"column":2},"end":{"line":43,"column":3}},"14":{"start":{"line":28,"column":4},"end":{"line":28,"column":41}},"15":{"start":{"line":29,"column":4},"end":{"line":42,"column":5}},"16":{"start":{"line":31,"column":6},"end":{"line":31,"column":43}},"17":{"start":{"line":32,"column":6},"end":{"line":39,"column":7}},"18":{"start":{"line":33,"column":8},"end":{"line":33,"column":73}},"19":{"start":{"line":37,"column":8},"end":{"line":37,"column":27}},"20":{"start":{"line":38,"column":8},"end":{"line":38,"column":18}},"21":{"start":{"line":41,"column":6},"end":{"line":41,"column":25}},"22":{"start":{"line":44,"column":2},"end":{"line":44,"column":16}},"23":{"start":{"line":47,"column":0},"end":{"line":50,"column":2}}},"branchMap":{"1":{"line":10,"type":"if","locations":[{"start":{"line":10,"column":4},"end":{"line":10,"column":4}},{"start":{"line":10,"column":4},"end":{"line":10,"column":4}}]},"2":{"line":29,"type":"if","locations":[{"start":{"line":29,"column":4},"end":{"line":29,"column":4}},{"start":{"line":29,"column":4},"end":{"line":29,"column":4}}]},"3":{"line":29,"type":"binary-expr","locations":[{"start":{"line":29,"column":8},"end":{"line":29,"column":23}},{"start":{"line":29,"column":27},"end":{"line":29,"column":42}},{"start":{"line":29,"column":46},"end":{"line":29,"column":62}}]},"4":{"line":32,"type":"if","locations":[{"start":{"line":32,"column":6},"end":{"line":32,"column":6}},{"start":{"line":32,"column":6},"end":{"line":32,"column":6}}]}},"code":["'use strict';","","var _ = require('lodash');","","// Taken from the punycode library","function ucs2encode(array) {","  return _.map(array, function (value) {","    var output = '';","","    if (value > 0xFFFF) {","      value -= 0x10000;","      output += String.fromCharCode(value >>> 10 & 0x3FF | 0xD800);","      value = 0xDC00 | value & 0x3FF;","    }","    output += String.fromCharCode(value);","    return output;","  }).join('');","}","","function ucs2decode(string) {","  var output = [],","      counter = 0,","      length = string.length,","      value,","      extra;","","  while (counter < length) {","    value = string.charCodeAt(counter++);","    if (value >= 0xD800 && value <= 0xDBFF && counter < length) {","      // high surrogate, and there is a next character","      extra = string.charCodeAt(counter++);","      if ((extra & 0xFC00) === 0xDC00) { // low surrogate","        output.push(((value & 0x3FF) << 10) + (extra & 0x3FF) + 0x10000);","      } else {","        // unmatched surrogate; only append this code unit, in case the next","        // code unit is the high surrogate of a surrogate pair","        output.push(value);","        counter--;","      }","    } else {","      output.push(value);","    }","  }","  return output;","}","","module.exports = {","  encode: ucs2encode,","  decode: ucs2decode","};",""],"l":{"3":1,"6":1,"7":0,"8":0,"10":0,"11":0,"12":0,"13":0,"15":0,"16":0,"20":1,"21":0,"27":0,"28":0,"29":0,"31":0,"32":0,"33":0,"37":0,"38":0,"41":0,"44":0,"47":1}},"/home/travis/build/npmtest/node-npmtest-svg2ttf/node_modules/svg2ttf/lib/svg.js":{"path":"/home/travis/build/npmtest/node-npmtest-svg2ttf/node_modules/svg2ttf/lib/svg.js","s":{"1":1,"2":1,"3":1,"4":1,"5":1,"6":0,"7":0,"8":0,"9":0,"10":0,"11":0,"12":0,"13":0,"14":0,"15":0,"16":0,"17":0,"18":0,"19":0,"20":1,"21":0,"22":0,"23":0,"24":0,"25":0,"26":0,"27":0,"28":0,"29":0,"30":0,"31":0,"32":1,"33":0,"34":0,"35":0,"36":0,"37":0,"38":0,"39":0,"40":0,"41":0,"42":0,"43":0,"44":0,"45":0,"46":0,"47":0,"48":0,"49":0,"50":0,"51":0,"52":0,"53":0,"54":0,"55":0,"56":0,"57":0,"58":0,"59":0,"60":0,"61":0,"62":0,"63":0,"64":0,"65":0,"66":0,"67":0,"68":0,"69":0,"70":0,"71":1,"72":0,"73":0,"74":0,"75":0,"76":0,"77":0,"78":1,"79":0,"80":0,"81":0,"82":0,"83":0,"84":0,"85":0,"86":0,"87":0,"88":0,"89":0,"90":0,"91":0,"92":0,"93":0,"94":0,"95":1,"96":1,"97":1},"b":{"1":[0,0],"2":[0,0],"3":[0,0],"4":[0,0],"5":[0,0],"6":[0,0],"7":[0,0],"8":[0,0],"9":[0,0],"10":[0,0],"11":[0,0],"12":[0,0],"13":[0,0],"14":[0,0],"15":[0,0],"16":[0,0],"17":[0,0],"18":[0,0],"19":[0,0],"20":[0,0],"21":[0,0],"22":[0,0],"23":[0,0],"24":[0,0]},"f":{"1":0,"2":0,"3":0,"4":0,"5":0,"6":0,"7":0,"8":0,"9":0,"10":0,"11":0},"fnMap":{"1":{"name":"getGlyph","line":8,"loc":{"start":{"line":8,"column":0},"end":{"line":8,"column":29}}},"2":{"name":"deduplicateGlyps","line":36,"loc":{"start":{"line":36,"column":0},"end":{"line":36,"column":45}}},"3":{"name":"(anonymous_3)","line":40,"loc":{"start":{"line":40,"column":20},"end":{"line":40,"column":37}}},"4":{"name":"(anonymous_4)","line":55,"loc":{"start":{"line":55,"column":23},"end":{"line":55,"column":43}}},"5":{"name":"load","line":64,"loc":{"start":{"line":64,"column":0},"end":{"line":64,"column":19}}},"6":{"name":"(anonymous_6)","line":100,"loc":{"start":{"line":100,"column":19},"end":{"line":100,"column":39}}},"7":{"name":"(anonymous_7)","line":110,"loc":{"start":{"line":110,"column":19},"end":{"line":110,"column":39}}},"8":{"name":"(anonymous_8)","line":133,"loc":{"start":{"line":133,"column":52},"end":{"line":133,"column":73}}},"9":{"name":"cubicToQuad","line":156,"loc":{"start":{"line":156,"column":0},"end":{"line":156,"column":53}}},"10":{"name":"toSfntCoutours","line":180,"loc":{"start":{"line":180,"column":0},"end":{"line":180,"column":33}}},"11":{"name":"(anonymous_11)","line":184,"loc":{"start":{"line":184,"column":18},"end":{"line":184,"column":50}}}},"statementMap":{"1":{"start":{"line":3,"column":0},"end":{"line":3,"column":26}},"2":{"start":{"line":4,"column":0},"end":{"line":4,"column":39}},"3":{"start":{"line":5,"column":0},"end":{"line":5,"column":44}},"4":{"start":{"line":6,"column":0},"end":{"line":6,"column":29}},"5":{"start":{"line":8,"column":0},"end":{"line":34,"column":1}},"6":{"start":{"line":9,"column":2},"end":{"line":9,"column":17}},"7":{"start":{"line":11,"column":2},"end":{"line":11,"column":47}},"8":{"start":{"line":12,"column":2},"end":{"line":12,"column":21}},"9":{"start":{"line":14,"column":2},"end":{"line":25,"column":3}},"10":{"start":{"line":15,"column":4},"end":{"line":15,"column":56}},"11":{"start":{"line":16,"column":4},"end":{"line":16,"column":47}},"12":{"start":{"line":19,"column":4},"end":{"line":24,"column":5}},"13":{"start":{"line":20,"column":6},"end":{"line":20,"column":39}},"14":{"start":{"line":21,"column":6},"end":{"line":21,"column":36}},"15":{"start":{"line":23,"column":6},"end":{"line":23,"column":37}},"16":{"start":{"line":27,"column":2},"end":{"line":27,"column":52}},"17":{"start":{"line":29,"column":2},"end":{"line":31,"column":3}},"18":{"start":{"line":30,"column":4},"end":{"line":30,"column":70}},"19":{"start":{"line":33,"column":2},"end":{"line":33,"column":15}},"20":{"start":{"line":36,"column":0},"end":{"line":62,"column":1}},"21":{"start":{"line":38,"column":2},"end":{"line":38,"column":18}},"22":{"start":{"line":40,"column":2},"end":{"line":52,"column":5}},"23":{"start":{"line":42,"column":4},"
[...]
tart":{"line":101,"column":2},"end":{"line":101,"column":42}},"57":{"start":{"line":103,"column":2},"end":{"line":103,"column":13}},"58":{"start":{"line":106,"column":0},"end":{"line":106,"column":33}}},"branchMap":{"1":{"line":39,"type":"if","locations":[{"start":{"line":39,"column":2},"end":{"line":39,"column":2}},{"start":{"line":39,"column":2},"end":{"line":39,"column":2}}]},"2":{"line":42,"type":"if","locations":[{"start":{"line":42,"column":2},"end":{"line":42,"column":2}},{"start":{"line":42,"column":2},"end":{"line":42,"column":2}}]},"3":{"line":45,"type":"if","locations":[{"start":{"line":45,"column":2},"end":{"line":45,"column":2}},{"start":{"line":45,"column":2},"end":{"line":45,"column":2}}]},"4":{"line":60,"type":"if","locations":[{"start":{"line":60,"column":6},"end":{"line":60,"column":6}},{"start":{"line":60,"column":6},"end":{"line":60,"column":6}}]},"5":{"line":61,"type":"cond-expr","locations":[{"start":{"line":61,"column":55},"end":{"line":61,"column":57}},{"start":{"line":61,"column":60},"end":{"line":61,"column":61}}]}},"code":["'use strict';","","// See documentation here: http://www.microsoft.com/typography/otspec/name.htm","","var _ = require('lodash');","var ByteBuffer = require('microbuffer');","var Str = require('../../str');","","var TTF_NAMES = {","  COPYRIGHT: 0,","  FONT_FAMILY: 1,","  ID: 3,","  DESCRIPTION: 10,","  URL_VENDOR: 11","};","","function tableSize(names) {","  var result = 6; // table header","","  _.forEach(names, function (name) {","    result += 12 + name.data.length; //name header and data","  });","  return result;","}","","function getStrings(name, id) {","  var result = [];","  var str = new Str(name);","","  result.push({ data: str.toUTF8Bytes(), id: id, platformID : 1, encodingID : 0, languageID : 0 }); //mac standard","  result.push({ data: str.toUCS2Bytes(), id: id, platformID : 3, encodingID : 1, languageID : 0x409 }); //windows standard","  return result;","}","","// Collect font names","function getNames(font) {","  var result = [];","","  if (font.copyright) {","    result.push.apply(result, getStrings(font.copyright, TTF_NAMES.COPYRIGHT));","  }","  if (font.familyName) {","    result.push.apply(result, getStrings(font.familyName, TTF_NAMES.FONT_FAMILY));","  }","  if (font.id) {","    result.push.apply(result, getStrings(font.id, TTF_NAMES.ID));","  }","  result.push.apply(result, getStrings('Generated by svg2ttf from Fontello project.', TTF_NAMES.DESCRIPTION));","  result.push.apply(result, getStrings('http://fontello.com', TTF_NAMES.URL_VENDOR));","","  _.forEach(font.sfntNames, function (sfntName) {","    result.push.apply(result, getStrings(sfntName.value, sfntName.id));","  });","","  result.sort(function (a, b) {","    var orderFields = [ 'platformID', 'encodingID', 'languageID', 'id' ];","    var i;","","    for (i = 0; i < orderFields.length; i++) {","      if (a[orderFields[i]] !== b[orderFields[i]]) {","        return a[orderFields[i]] < b[orderFields[i]] ? -1 : 1;","      }","    }","    return 0;","  });","","  return result;","}","","function createNameTable(font) {","","  var names = getNames(font);","","  var buf = new ByteBuffer(tableSize(names));","","  buf.writeUint16(0); // formatSelector","  buf.writeUint16(names.length); // nameRecordsCount","  var offsetPosition = buf.tell();","","  buf.writeUint16(0); // offset, will be filled later","  var nameOffset = 0;","","  _.forEach(names, function (name) {","    buf.writeUint16(name.platformID); // platformID","    buf.writeUint16(name.encodingID); // platEncID","    buf.writeUint16(name.languageID); // languageID, English (USA)","    buf.writeUint16(name.id); // nameID","    buf.writeUint16(name.data.length); // reclength","    buf.writeUint16(nameOffset); // offset","    nameOffset += name.data.length;","  });","  var actualStringDataOffset = buf.tell();","","  //Array of bytes with actual string data","  _.forEach(names, function (name) {","    buf.writeBytes(name.data);","  });","","  //write actual string data offset","  buf.seek(offsetPosition);","  buf.writeUint16(actualStringDataOffset); // offset","","  return buf;","}","","module.exports = createNameTable;",""],"l":{"5":1,"6":1,"7":1,"9":1,"17":1,"18":0,"20":0,"21":0,"23":0,"26":1,"27":0,"28":0,"30":0,"31":0,"32":0,"36":1,"37":0,"39":0,"40":0,"42":0,"43":0,"45":0,"46":0,"48":0,"49":0,"51":0,"52":0,"55":0,"56":0,"57":0,"59":0,"60":0,"61":0,"64":0,"67":0,"70":1,"72":0,"74":0,"76":0,"77":0,"78":0,"80":0,"81":0,"83":0,"84":0,"85":0,"86":0,"87":0,"88":0,"89":0,"90":0,"92":0,"95":0,"96":0,"100":0,"101":0,"103":0,"106":1}},"/home/travis/build/npmtest/node-npmtest-svg2ttf/node_modules/svg2ttf/lib/str.js":{"path":"/home/travis/build/npmtest/node-npmtest-svg2ttf/node_modules/svg2ttf/lib/str.js","s":{"1":1,"2":0,"3":0,"4":0,"5":0,"6":0,"7":0,"8":0,"9":0,"10":0,"11":0,"12":0,"13":0,"14":0,"15":0,"16":0,"17":0,"18":0,"19":0,"20":0,"21":0,"22":1},"b":{"1":[0,0],"2":[0,0]},"f":{"1":0,"2":0,"3":0},"fnMap":{"1":{"name":"Str","line":3,"loc":{"start":{"line":3,"column":0},"end":{"line":3,"column":18}}},"2":{"name":"(anonymous_2)","line":10,"loc":{"start":{"line":10,"column":21},"end":{"line":10,"column":33}}},"3":{"name":"(anonymous_3)","line":28,"loc":{"start":{"line":28,"column":21},"end":{"line":28,"column":33}}}},"statementMap":{"1":{"start":{"line":3,"column":0},"end":{"line":41,"column":1}},"2":{"start":{"line":4,"column":2},"end":{"line":6,"column":3}},"3":{"start":{"line":5,"column":4},"end":{"line":5,"column":24}},"4":{"start":{"line":8,"column":2},"end":{"line":8,"column":17}},"5":{"start":{"line":10,"column":2},"end":{"line":26,"column":4}},"6":{"start":{"line":12,"column":4},"end":{"line":12,"column":23}},"7":{"start":{"line":14,"column":4},"end":{"line":24,"column":5}},"8":{"start":{"line":15,"column":6},"end":{"line":23,"column":7}},"9":{"start":{"line":16,"column":8},"end":{"line":16,"column":42}},"10":{"start":{"line":18,"column":8},"end":{"line":18,"column":71}},"11":{"start":{"line":20,"column":8},"end":{"line":22,"column":9}},"12":{"start":{"line":21,"column":10},"end":{"line":21,"column":45}},"13":{"start":{"line":25,"column":4},"end":{"line":25,"column":21}},"14":{"start":{"line":28,"column":2},"end":{"line":40,"column":4}},"15":{"start":{"line":31,"column":4},"end":{"line":31,"column":23}},"16":{"start":{"line":32,"column":4},"end":{"line":32,"column":11}},"17":{"start":{"line":34,"column":4},"end":{"line":38,"column":5}},"18":{"start":{"line":35,"column":6},"end":{"line":35,"column":29}},"19":{"start":{"line":36,"column":6},"end":{"line":36,"column":30}},"20":{"start":{"line":37,"column":6},"end":{"line":37,"column":32}},"21":{"start":{"line":39,"column":4},"end":{"line":39,"column":21}},"22":{"start":{"line":43,"column":0},"end":{"line":43,"column":21}}},"branchMap":{"1":{"line":4,"type":"if","locations":[{"start":{"line":4,"column":2},"end":{"line":4,"column":2}},{"start":{"line":4,"column":2},"end":{"line":4,"column":2}}]},"2":{"line":15,"type":"if","locations":[{"start":{"line":15,"column":6},"end":{"line":15,"column":6}},{"start":{"line":15,"column":6},"end":{"line":15,"column":6}}]}},"code":["'use strict';","","function Str(str) {","  if (!(this instanceof Str)) {","    return new Str(str);","  }","","  this.str = str;","","  this.toUTF8Bytes = function () {","","    var byteArray = [];","","    for (var i = 0; i < str.length; i++) {","      if (str.charCodeAt(i) <= 0x7F) {","        byteArray.push(str.charCodeAt(i));","      } else {","        var h = encodeURIComponent(str.charAt(i)).substr(1).split('%');","","        for (var j = 0; j < h.length; j++) {","          byteArray.push(parseInt(h[j], 16));","        }","      }","    }","    return byteArray;","  };","","  this.toUCS2Bytes = function () {","    // Code is taken here:","    // http://stackoverflow.com/questions/6226189/how-to-convert-a-string-to-bytearray","    var byteArray = [];","    var ch;","","    for (var i = 0; i < str.length; ++i) {","      ch = str.charCodeAt(i);  // get char","      byteArray.push(ch >> 8);","      byteArray.push(ch & 0xFF);","    }","    return byteArray;","  };","}","","module.exports = Str;",""],"l":{"3":1,"4":0,"5":0,"8":0,"10":0,"12":0,"14":0,"15":0,"16":0,"18":0,"20":0,"21":0,"25":0,"28":0,"31":0,"32":0,"34":0,"35":0,"36":0,"37":0,"39":0,"43":1}},"/home/travis/build/npmtest/node-npmtest-svg2ttf/node_modules/svg2ttf/lib/ttf/tables/post.js":{"path":"/home/travis/build/npmtest/node-npmtest-svg2ttf/node_modules/svg2ttf/lib/ttf/tables/post.js","s":{"1":1,"2":1,"3":1,"4":0,"5":0,"6":0,"7":0,"8":0,"9":1,"10":0,"11":0,"12":0,"13":0,"14":0,"15":0,"16":0,"17":1,"18":0,"19":0,"20":0,"21":0,"22":0,"23":0,"24":0,"25":0,"26":0,"27":0,"28":0,"29":0,"30":0,"31":0,"32":0,"33":0,"34":0,"35":0,"36":0,"37":0,"38":0,"39":0,"40":0,"41":1},"b":{"1":[0,0],"2":[0,0],"3":[0,0],"4":[0,0],"5":[0,0]},"f":{"1":0,"2":0,"3":0,"4":0,"5":0,"6":0,"7":0},"fnMap":{"1":{"name":"tableSize","line":8,"loc":{"start":{"line":8,"column":0},"end":{"line":8,"column":32}}},"2":{"name":"(anonymous_2)","line":12,"loc":{"start":{"line":12,"column":19},"end":{"line":12,"column":35}}},"3":{"name":"pascalString","line":18,"loc":{"start":{"line":18,"column":0},"end":{"line":18,"column":27}}},"4":{"name":"createPostTable","line":31,"loc":{"start":{"line":31,"column":0},"end":{"line":31,"column":31}}},"5":{"name":"(anonymous_5)","line":35,"loc":{"start":{"line":35,"column":25},"end":{"line":35,"column":42}}},"6":{"name":"(anonymous_6)","line":57,"loc":{"start":{"line":57,"column":25},"end":{"line":57,"column":42}}},"7":{"name":"(anonymous_7)","line":66,"loc":{"start":{"line":66,"column":19},"end":{"line":66,"column":35}}}},"statementMap":{"1":{"start":{"line":5,"column":0},"end":{"line":5,"column":26}},"2":{"start":{"line":6,"column":0},"end":{"line":6,"column":40}},"3":{"start":{"line":8,"column":0},"end":{"line":16,"column":1}},"4":{"start":{"line":9,"column":2},"end":{"line":9,"column":18}},"5":{"start":{"line":11,"column":2},"end":{"line":11,"column":35}},"6":{"start":{"line":12,"column":2},"end":{"line":14,"column":5}},"7":{"start":{"line":13,"column":4},"end":{"line":13,"column":26}},"8":{"start":{"line":15,"column":2},"end":{"line":15,"column":16}},"9":{"start":{"line":18,"column":0},"end":{"line":29,"column":1}},"10":{"start":{"line":19,"column":2},"end":{"line":19,"column":17}},"11":{"start":{"line":20,"column":2},"end":{"line":20,"column":60}},"12":{"start":{"line":22,"column":2},"end":{"line":22,"column":18}},"13":{"start":{"line":23,"column":2},"end":{"line":27,"column":3}},"14":{"start":{"line":24,"column":4},"end":{"line":24,"column":33}},"15":{"start":{"line":26,"column":4},"end":{"line":26,"column":39}},"16":{"start":{"line":28,"column":2},"end":{"line":28,"column":15}},"17":{"start":{"line":31,"column":0},"end":{"line":71,"column":1}},"18":{"start":{"line":33,"column":2},"end":{"line":33,"column":17}},"19":{"start":{"line":35,"column":2},"end":{"line":39,"column":5}},"20":{"start":{"line":36,"column":4},"end":{"line":38,"column":5}},"21":{"start":{"line":37,"column":6},"end":{"line":37,"column":43}},"22":{"start":{"line":41,"column":2},"end":{"line":41,"column":51}},"23":{"start":{"line":43,"column":2},"end":{"line":43,"column":26}},"24":{"start":{"line":44,"column":2},"end":{"line":44,"column":35}},"25":{"start":{"line":45,"column":2},"end":{"line":45,"column":41}},"26":{"start":{"line":46,"column":2},"end":{"line":46,"column":42}},"27":{"start":{"line":47,"column":2},"end":{"line":47,"column":37}},"28":{"start":{"line":48,"column":2},"end":{"line":48,"column":21}},"29":{"start":{"line":49,"column":2},"end":{"line":49,"column":21}},"30":{"start":{"line":50,"column":2},"end":{"line":50,"column":21}},"31":{"start":{"line":51,"column":2},"end":{"line":51,"column":21}},"32":{"start":{"line":52,"column":2},"end":{"line":52,"column":38}},"33":{"start":{"line":55,"column":2},"end":{"line":55,"column":18}},"34":{"start":{"line":57,"column":2},"end":{"line":63,"column":5}},"35":{"start":{"line":58,"column":4},"end":{"line":62,"column":5}},"36":{"start":{"line":59,"column":6},"end":{"line":59,"column":25}},"37":{"start":{"line":61,"column":6},"end":{"line":61,"column":31}},"38":{"start":{"line":66,"column":2},"end":{"line":68,"column":5}},"39":{"start":{"line":67,"column":4},"end":{"line":67,"column":25}},"40":{"start":{"line":70,"column":2},"end":{"line":70,"column":13}},"41":{"start":{"line":73,"column":0},"end":{"line":73,"column":33}}},"branchMap":{"1":{"line":20,"type":"cond-expr","locations":[{"start":{"line":20,"column":19},"end":{"line":20,"column":54}},{"start":{"line":20,"column":58},"end":{"line":20,"column":59}}]},"2":{"line":20,"type":"cond-expr","locations":[{"start":{"line":20,"column":38},"end":{"line":20,"column":48}},{"start":{"line":20,"column":51},"end":{"line":20,"column":54}}]},"3":{"line":26,"type":"cond-expr","locations":[{"start":{"line":26,"column":28},"end":{"line":26,"column":32}},{"start":{"line":26,"column":35},"end":{"line":26,"column":37}}]},"4":{"line":36,"type":"if","locations":[{"start":{"line":36,"column":4},"end":{"line":36,"column":4}},{"start":{"line":36,"column":4},"end":{"line":36,"column":4}}]},"5":{"line":58,"type":"if","locations":[{"start":{"line":58,"column":4},"end":{"line":58,"column":4}},{"start":{"line":58,"column":4},"end":{"line":58,"column":4}}]}},"code":["'use strict';","","// See documentation here: http://www.microsoft.com/typography/otspec/post.htm","","var _ = require('lodash');","var ByteBuffer = require('microbuffer');","","function tableSize(font, names) {","  var result = 36; // table header","","  result += font.glyphs.length * 2; // name declarations","  _.forEach(names, function (name) {","    result += name.length;","  });","  return result;","}","","function pascalString(str) {","  var bytes = [];","  var len = str ? (str.length < 256 ? str.length : 255) : 0; //length in Pascal string is limited with 255","","  bytes.push(len);","  for (var i = 0; i < len; i++) {","    var char = str.charCodeAt(i);","","    bytes.push(char < 128 ? char : 95); //non-ASCII characters are substituted with '_'","  }","  return bytes;","}","","function createPostTable(font) {","","  var names = [];","","  _.forEach(font.glyphs, function (glyph) {","    if (glyph.unicode !== 0) {","      names.push(pascalString(glyph.name));","    }","  });","","  var buf = new ByteBuffer(tableSize(font, names));","","  buf.writeInt32(0x20000); // formatType,  version 2.0","  buf.writeInt32(font.italicAngle); // italicAngle","  buf.writeInt16(font.underlinePosition); // underlinePosition","  buf.writeInt16(font.underlineThickness); // underlineThickness","  buf.writeUint32(font.isFixedPitch); // isFixedPitch","  buf.writeUint32(0); // minMemType42","  buf.writeUint32(0); // maxMemType42","  buf.writeUint32(0); // minMemType1","  buf.writeUint32(0); // maxMemType1","  buf.writeUint16(font.glyphs.length); // numberOfGlyphs","","  // Array of glyph name indexes","  var index = 258; // first index of custom glyph name, it is calculated as glyph name index + 258","","  _.forEach(font.glyphs, function (glyph) {","    if (glyph.unicode === 0) {","      buf.writeUint16(0);// missed element should have .notDef name in the Macintosh standard order.","    } else {","      buf.writeUint16(index++);","    }","  });","","  // Array of glyph name indexes","  _.forEach(names, function (name) {","    buf.writeBytes(name);","  });","","  return buf;","}","","module.exports = createPostTable;",""],"l":{"5":1,"6":1,"8":1,"9":0,"11":0,"12":0,"13":0,"15":0,"18":1,"19":0,"20":0,"22":0,"23":0,"24":0,"26":0,"28":0,"31":1,"33":0,"35":0,"36":0,"37":0,"41":0,"43":0,"44":0,"45":0,"46":0,"47":0,"48":0,"49":0,"50":0,"51":0,"52":0,"55":0,"57":0,"58":0,"59":0,"61":0,"66":0,"67":0,"70":0,"73":1}},"/home/travis/build/npmtest/node-npmtest-svg2ttf/node_modules/svg2ttf/svg2ttf.js":{"path":"/home/travis/build/npmtest/node-npmtest-svg2ttf/node_modules/svg2ttf/svg2ttf.js","s":{"1":2,"2":2,"3":2,"4":2,"5":2,"6":2,"7":2,"8":2,"9":2,"10":2,"11":2,"12":2,"13":2,"14":2,"15":2,"16":0,"17":0,"18":0,"19":0,"20":0,"21":0,"22":0,"23":0},"b":{"1":[0,0],"2":[0,0],"3":[0,0]},"f":{},"fnMap":{},"statementMap":{"1":{"start":{"line":13,"column":0},"end":{"line":13,"column":23}},"2":{"start":{"line":14,"column":0},"end":{"line":14,"column":56}},"3":{"start":{"line":16,"column":0},"end":{"line":16,"column":28}},"4":{"start":{"line":19,"column":0},"end":{"line":23,"column":3}},"5":{"start":{"line":25,"column":0},"end":{"line":31,"column":2}},"6":{"start":{"line":33,"column":0},"end":{"line":40,"column":2}},"7":{"start":{"line":42,"column":0},"end":{"line":49,"column":2}},"8":{"start":{"line":51,"column":0},"end":{"line":57,"column":2}},"9":{"start":{"line":59,"column":0},"end":{"line":65,"column":2}},"10":{"start":{"line":68,"column":0},"end":{"line":68,"column":30}},"11":{"start":{"line":69,"column":0},"end":{"line":69,"column":8}},"12":{"start":{"line":70,"column":0},"end":{"line":70,"column":17}},"13":{"start":{"line":72,"column":0},"end":{"line":77,"column":1}},"14":{"start":{"line":73,"column":2},"end":{"line":73,"column":49}},"15":{"start":{"line":75,"column":2},"end":{"line":75,"column":62}},"16":{"start":{"line":76,"column":2},"end":{"line":76,"column":18}},"17":{"start":{"line":79,"column":0},"end":{"line":79,"column":55}},"18":{"start":{"line":79,"column":20},"end":{"line":79,"column":55}},"19":{"start":{"line":81,"column":0},"end":{"line":81,"column":43}},"20":{"start":{"line":81,"column":22},"end":{"line":81,"column":43}},"21":{"start":{"line":83,"column":0},"end":{"line":83,"column":39}},"22":{"start":{"line":83,"column":13},"end":{"line":83,"column":39}},"23":{"start":{"line":85,"column":0},"end":{"line":85,"column":76}}},"branchMap":{"1":{"line":79,"type":"if","locations":[{"start":{"line":79,"column":0},"end":{"line":79,"column":0}},{"start":{"line":79,"column":0},"end":{"line":79,"column":0}}]},"2":{"line":81,"type":"if","locations":[{"start":{"line":81,"column":0},"end":{"line":81,"column":0}},{"start":{"line":81,"column":0},"end":{"line":81,"column":0}}]},"3":{"line":83,"type":"if","locations":[{"start":{"line":83,"column":0},"end":{"line":83,"column":0}},{"start":{"line":83,"column":0},"end":{"line":83,"column":0}}]}},"code":["//#!/usr/bin/env node","/*"," Author: Sergey Batishchev <sergej.batishchev@gmail.com>",""," Written for fontello.com project."," */","","/*eslint-disable no-console*/","","'use strict';","","","var fs = require('fs');","var ArgumentParser = require('argparse').ArgumentParser;","","var svg2ttf = require('./');","","","var parser = new ArgumentParser({","  version: require('./package.json').version,","  addHelp: true,","  description: 'SVG to TTF font converter'","});","","parser.addArgument(","  [ '-c', '--copyright' ],","  {","    help: 'Copyright text',","    required: false","  }",");","","parser.addArgument(","  [ '--ts' ],","  {","    help: 'Override font creation time (Unix time stamp)',","    required: false,","    type: 'int'","  }",");","","parser.addArgument(","  [ '--vs' ],","  {","    help: 'Override default font version string (Version 1.0), can be \"x.y\" or \"Version x.y\"',","    required: false,","    type: 'string'","  }",");","","parser.addArgument(","  [ 'infile' ],","  {","    nargs: 1,","    help: 'Input file'","  }",");","","parser.addArgument(","  [ 'outfile' ],","  {","    nargs: 1,","    help: 'Output file'","  }",");","","","var args = parser.parseArgs();","var svg;","var options = {};","","try {","  svg = fs.readFileSync(args.infile[0], 'utf-8');","} catch (e) {","  console.error(\"Can't open input file (%s)\", args.infile[0]);","  process.exit(1);","}","","if (args.copyright) options.copyright = args.copyright;","","if (args.ts !== null) options.ts = args.ts;","","if (args.vs) options.version = args.vs;","","fs.writeFileSync(args.outfile[0], new Buffer(svg2ttf(svg, options).buffer));",""],"l":{"13":2,"14":2,"16":2,"19":2,"25":2,"33":2,"42":2,"51":2,"59":2,"68":2,"69":2,"70":2,"72":2,"73":2,"75":2,"76":0,"79":0,"81":0,"83":0,"85":0}}}